"../../../Engine/Content/EditorResources/S_Actor.ubulk" 0
"../../../Engine/Content/EditorResources/S_Actor.uasset" 1
"../../../Engine/Content/EditorResources/S_Actor.uexp" 2
"../../../Engine/Content/EditorResources/S_BoxReflectionCapture.uasset" 3
"../../../Engine/Content/EditorResources/S_BoxReflectionCapture.uexp" 4
"../../../Engine/Content/EngineResources/DefaultTexture.ubulk" 5
"../../../Engine/Content/EngineResources/DefaultTexture.uasset" 6
"../../../Engine/Content/EngineResources/DefaultTexture.uexp" 7
"../../../Engine/Content/EngineResources/DefaultTextureCube.uasset" 8
"../../../Engine/Content/EngineResources/DefaultTextureCube.uexp" 9
"../../../Engine/Content/EngineResources/DefaultVolumeTexture2D.uasset" 10
"../../../Engine/Content/EngineResources/DefaultVolumeTexture2D.uexp" 11
"../../../Engine/Content/EngineResources/DefaultVolumeTexture.uasset" 12
"../../../Engine/Content/EngineResources/DefaultVolumeTexture.uexp" 13
"../../../Engine/Content/EditorResources/S_Trigger.ubulk" 14
"../../../Engine/Content/EditorResources/S_Trigger.uasset" 15
"../../../Engine/Content/EditorResources/S_Trigger.uexp" 16
"../../../Engine/Content/EditorResources/S_TriggerBox.uasset" 17
"../../../Engine/Content/EditorResources/S_TriggerBox.uexp" 18
"../../../Engine/Content/EditorResources/S_TriggerCapsule.uasset" 19
"../../../Engine/Content/EditorResources/S_TriggerCapsule.uexp" 20
"../../../Engine/Content/EditorResources/S_TriggerSphere.uasset" 21
"../../../Engine/Content/EditorResources/S_TriggerSphere.uexp" 22
"../../../Engine/Content/EngineMeshes/Sphere.ubulk" 23
"../../../Engine/Content/EngineMeshes/Sphere.uasset" 24
"../../../Engine/Content/EngineMeshes/Sphere.uexp" 25
"../../../Engine/Content/EngineResources/GradientTexture0.uasset" 26
"../../../Engine/Content/EngineResources/GradientTexture0.uexp" 27
"../../../Engine/Content/EngineResources/Black.uasset" 28
"../../../Engine/Content/EngineResources/Black.uexp" 29
"../../../Engine/Content/VREditor/LaserPointer/VR_LaserPower_01.ubulk" 30
"../../../Engine/Content/VREditor/LaserPointer/VR_LaserPower_01.uasset" 31
"../../../Engine/Content/VREditor/LaserPointer/VR_LaserPower_01.uexp" 32
"../../../Engine/Content/VREditor/TransformGizmo/TransformGizmoMaterial.uasset" 33
"../../../Engine/Content/VREditor/TransformGizmo/TransformGizmoMaterial.uexp" 34
"../../../Engine/Content/VREditor/TransformGizmo/TranslucentTransformGizmoMaterial.uasset" 35
"../../../Engine/Content/VREditor/TransformGizmo/TranslucentTransformGizmoMaterial.uexp" 36
"../../../Engine/Content/VREditor/TransformGizmo/PlaneTranslationHandle.ubulk" 37
"../../../Engine/Content/VREditor/TransformGizmo/PlaneTranslationHandle.uasset" 38
"../../../Engine/Content/VREditor/TransformGizmo/PlaneTranslationHandle.uexp" 39
"../../../Engine/Content/VREditor/TransformGizmo/BoundingBoxCorner.ubulk" 40
"../../../Engine/Content/VREditor/TransformGizmo/BoundingBoxCorner.uasset" 41
"../../../Engine/Content/VREditor/TransformGizmo/BoundingBoxCorner.uexp" 42
"../../../Engine/Content/VREditor/TransformGizmo/BoundingBoxEdge.ubulk" 43
"../../../Engine/Content/VREditor/TransformGizmo/BoundingBoxEdge.uasset" 44
"../../../Engine/Content/VREditor/TransformGizmo/BoundingBoxEdge.uexp" 45
"../../../Engine/Content/VREditor/TransformGizmo/Main.uasset" 46
"../../../Engine/Content/VREditor/TransformGizmo/Main.uexp" 47
"../../../Engine/Content/VREditor/TransformGizmo/Xray.uasset" 48
"../../../Engine/Content/VREditor/TransformGizmo/Xray.uexp" 49
"../../../Engine/Content/VREditor/TransformGizmo/SM_Sequencer_Node.ubulk" 50
"../../../Engine/Content/VREditor/TransformGizmo/SM_Sequencer_Node.uasset" 51
"../../../Engine/Content/VREditor/TransformGizmo/SM_Sequencer_Node.uexp" 52
"../../../Engine/Content/EditorMaterials/Camera/CineMat.uasset" 53
"../../../Engine/Content/EditorMaterials/Camera/CineMat.uexp" 54
"../../../Engine/Content/EditorMaterials/Camera/MI_CineMat_Rig.uasset" 55
"../../../Engine/Content/EditorMaterials/Camera/MI_CineMat_Rig.uexp" 56
"../../../Engine/Content/EditorMeshes/Camera/SM_CraneRig_Base.ubulk" 57
"../../../Engine/Content/EditorMeshes/Camera/SM_CraneRig_Base.uasset" 58
"../../../Engine/Content/EditorMeshes/Camera/SM_CraneRig_Base.uexp" 59
"../../../Engine/Content/EditorMeshes/Camera/SM_CraneRig_Arm.ubulk" 60
"../../../Engine/Content/EditorMeshes/Camera/SM_CraneRig_Arm.uasset" 61
"../../../Engine/Content/EditorMeshes/Camera/SM_CraneRig_Arm.uexp" 62
"../../../Engine/Content/EditorMeshes/Camera/SM_CraneRig_Mount.ubulk" 63
"../../../Engine/Content/EditorMeshes/Camera/SM_CraneRig_Mount.uasset" 64
"../../../Engine/Content/EditorMeshes/Camera/SM_CraneRig_Mount.uexp" 65
"../../../Engine/Content/EditorMeshes/Camera/SM_CraneRig_Body.ubulk" 66
"../../../Engine/Content/EditorMeshes/Camera/SM_CraneRig_Body.uasset" 67
"../../../Engine/Content/EditorMeshes/Camera/SM_CraneRig_Body.uexp" 68
"../../../Engine/Content/EditorMeshes/Camera/SM_RailRig_Track.ubulk" 69
"../../../Engine/Content/EditorMeshes/Camera/SM_RailRig_Track.uasset" 70
"../../../Engine/Content/EditorMeshes/Camera/SM_RailRig_Track.uexp" 71
"../../../Engine/Content/EditorMeshes/Camera/SM_RailRig_Mount.ubulk" 72
"../../../Engine/Content/EditorMeshes/Camera/SM_RailRig_Mount.uasset" 73
"../../../Engine/Content/EditorMeshes/Camera/SM_RailRig_Mount.uexp" 74
"../../../Engine/Content/EngineMaterials/T_Default_Material_Grid_M.ubulk" 75
"../../../Engine/Content/EngineMaterials/T_Default_Material_Grid_M.uasset" 76
"../../../Engine/Content/EngineMaterials/T_Default_Material_Grid_M.uexp" 77
"../../../Engine/Content/EngineMaterials/T_Default_Material_Grid_N.ubulk" 78
"../../../Engine/Content/EngineMaterials/T_Default_Material_Grid_N.uasset" 79
"../../../Engine/Content/EngineMaterials/T_Default_Material_Grid_N.uexp" 80
"../../../Engine/Content/Functions/Engine_MaterialFunctions01/Opacity/CameraDepthFade.uasset" 81
"../../../Engine/Content/Functions/Engine_MaterialFunctions01/Opacity/CameraDepthFade.uexp" 82
"../../../Engine/Content/EngineMaterials/WorldGridMaterial.uasset" 83
"../../../Engine/Content/EngineMaterials/WorldGridMaterial.uexp" 84
"../../../Engine/Content/ArtTools/RenderToTexture/Meshes/S_1_Unit_Plane.ubulk" 85
"../../../Engine/Content/ArtTools/RenderToTexture/Meshes/S_1_Unit_Plane.uasset" 86
"../../../Engine/Content/ArtTools/RenderToTexture/Meshes/S_1_Unit_Plane.uexp" 87
"../../../Engine/Content/EditorMaterials/ParticleSystems/PSysThumbnail_NoImage.ubulk" 88
"../../../Engine/Content/EditorMaterials/ParticleSystems/PSysThumbnail_NoImage.uasset" 89
"../../../Engine/Content/EditorMaterials/ParticleSystems/PSysThumbnail_NoImage.uexp" 90
"../../../Engine/Content/EditorMaterials/ParticleSystems/PSysThumbnail_OOD.ubulk" 91
"../../../Engine/Content/EditorMaterials/ParticleSystems/PSysThumbnail_OOD.uasset" 92
"../../../Engine/Content/EditorMaterials/ParticleSystems/PSysThumbnail_OOD.uexp" 93
"../../../Engine/Content/EditorLandscapeResources/SplineEditorMeshMat.uasset" 94
"../../../Engine/Content/EditorLandscapeResources/SplineEditorMeshMat.uexp" 95
"../../../Engine/Content/EditorLandscapeResources/SplineEditorMesh.ubulk" 96
"../../../Engine/Content/EditorLandscapeResources/SplineEditorMesh.uasset" 97
"../../../Engine/Content/EditorLandscapeResources/SplineEditorMesh.uexp" 98
"../../../Engine/Content/EditorResources/S_Solver.ubulk" 99
"../../../Engine/Content/EditorResources/S_Solver.uasset" 100
"../../../Engine/Content/EditorResources/S_Solver.uexp" 101
"../../../Engine/Plugins/Media/MediaPlate/Content/SM_MediaPlateScreen.ubulk" 102
"../../../Engine/Plugins/Media/MediaPlate/Content/SM_MediaPlateScreen.uasset" 103
"../../../Engine/Plugins/Media/MediaPlate/Content/SM_MediaPlateScreen.uexp" 104
"../../../Engine/Content/EngineMaterials/Good64x64TilingNoiseHighFreq.uasset" 105
"../../../Engine/Content/EngineMaterials/Good64x64TilingNoiseHighFreq.uexp" 106
"../../../Engine/Content/EngineMaterials/DefaultBokeh.uasset" 107
"../../../Engine/Content/EngineMaterials/DefaultBokeh.uexp" 108
"../../../Engine/Content/EngineMaterials/PreintegratedSkinBRDF.uasset" 109
"../../../Engine/Content/EngineMaterials/PreintegratedSkinBRDF.uexp" 110
"../../../Engine/Content/EngineMaterials/MiniFont.uasset" 111
"../../../Engine/Content/EngineMaterials/MiniFont.uexp" 112
"../../../Engine/Content/EngineMaterials/WeightMapPlaceholderTexture.uasset" 113
"../../../Engine/Content/EngineMaterials/WeightMapPlaceholderTexture.uexp" 114
"../../../Engine/Content/EngineMaterials/DefaultWhiteGrid.ubulk" 115
"../../../Engine/Content/EngineMaterials/DefaultWhiteGrid.uasset" 116
"../../../Engine/Content/EngineMaterials/DefaultWhiteGrid.uexp" 117
"../../../Engine/Content/EngineMaterials/DefaultMaterial.uasset" 118
"../../../Engine/Content/EngineMaterials/DefaultMaterial.uexp" 119
"../../../Engine/Content/BasicShapes/Sphere.ubulk" 120
"../../../Engine/Content/BasicShapes/Sphere.uasset" 121
"../../../Engine/Content/BasicShapes/Sphere.uexp" 122
"../../../Engine/Content/BasicShapes/Plane.ubulk" 123
"../../../Engine/Content/BasicShapes/Plane.uasset" 124
"../../../Engine/Content/BasicShapes/Plane.uexp" 125
"../../../Engine/Content/BasicShapes/Cube.ubulk" 126
"../../../Engine/Content/BasicShapes/Cube.uasset" 127
"../../../Engine/Content/BasicShapes/Cube.uexp" 128
"../../../Engine/Content/EditorLandscapeResources/DefaultAlphaTexture.uasset" 129
"../../../Engine/Content/EditorLandscapeResources/DefaultAlphaTexture.uexp" 130
"../../../Engine/Content/EditorLandscapeResources/DataLayer.uasset" 131
"../../../Engine/Content/EditorLandscapeResources/DataLayer.uexp" 132
"../../../Engine/Content/EditorMaterials/PreviewShadowIndicator.ubulk" 133
"../../../Engine/Content/EditorMaterials/PreviewShadowIndicator.uasset" 134
"../../../Engine/Content/EditorMaterials/PreviewShadowIndicator.uexp" 135
"../../../Engine/Content/EditorMaterials/PreviewShadowIndicatorMaterial.uasset" 136
"../../../Engine/Content/EditorMaterials/PreviewShadowIndicatorMaterial.uexp" 137
"../../../Engine/Content/EditorMaterials/PhAT_UnselectedMaterial.uasset" 138
"../../../Engine/Content/EditorMaterials/PhAT_UnselectedMaterial.uexp" 139
"../../../Engine/Content/EditorMaterials/PhAT_NoCollisionMaterial.uasset" 140
"../../../Engine/Content/EditorMaterials/PhAT_NoCollisionMaterial.uexp" 141
"../../../Engine/Content/Functions/Engine_MaterialFunctions02/Utility/MakeFloat4.uasset" 142
"../../../Engine/Content/Functions/Engine_MaterialFunctions02/Utility/MakeFloat4.uexp" 143
"../../../Engine/Content/Functions/Engine_MaterialFunctions02/Utility/MakeFloat3.uasset" 144
"../../../Engine/Content/Functions/Engine_MaterialFunctions02/Utility/MakeFloat3.uexp" 145
"../../../Engine/Content/Functions/Engine_MaterialFunctions02/Utility/BreakOutFloat3Components.uasset" 146
"../../../Engine/Content/Functions/Engine_MaterialFunctions02/Utility/BreakOutFloat3Components.uexp" 147
"../../../Engine/Content/EditorMaterials/WorldPartition/WorldPartitionSpatialHashGridPreviewMaterial.uasset" 148
"../../../Engine/Content/EditorMaterials/WorldPartition/WorldPartitionSpatialHashGridPreviewMaterial.uexp" 149
"../../../Engine/Content/EditorResources/S_Terrain.ubulk" 150
"../../../Engine/Content/EditorResources/S_Terrain.uasset" 151
"../../../Engine/Content/EditorResources/S_Terrain.uexp" 152
"../../../Engine/Content/EditorResources/EmptyActor.uasset" 153
"../../../Engine/Content/EditorResources/EmptyActor.uexp" 154
"../../../Engine/Content/EditorResources/BSPVertex.uasset" 155
"../../../Engine/Content/EditorResources/BSPVertex.uexp" 156
"../../../Engine/Content/EditorResources/LightIcons/S_LightError.uasset" 157
"../../../Engine/Content/EditorResources/LightIcons/S_LightError.uexp" 158
"../../../Engine/Content/EditorResources/SequenceRecorder/RecordingIndicator.uasset" 159
"../../../Engine/Content/EditorResources/SequenceRecorder/RecordingIndicator.uexp" 160
"../../../Engine/Content/EditorResources/SequenceRecorder/Countdown.uasset" 161
"../../../Engine/Content/EditorResources/SequenceRecorder/Countdown.uexp" 162
"../../../Engine/Content/EngineDamageTypes/DmgTypeBP_Environmental.uasset" 163
"../../../Engine/Content/EngineDamageTypes/DmgTypeBP_Environmental.uexp" 164
"../../../Engine/Content/Functions/Engine_MaterialFunctions02/Utility/CameraDirectionVector.uasset" 165
"../../../Engine/Content/Functions/Engine_MaterialFunctions02/Utility/CameraDirectionVector.uexp" 166
"../../../Engine/Content/EngineDebugMaterials/VolumeToRender.uasset" 167
"../../../Engine/Content/EngineDebugMaterials/VolumeToRender.uexp" 168
"../../../Engine/Content/EngineDebugMaterials/M_VolumeRenderSphereTracePP.uasset" 169
"../../../Engine/Content/EngineDebugMaterials/M_VolumeRenderSphereTracePP.uexp" 170
"../../../Engine/Content/EngineDebugMaterials/M_SimpleUnlitTranslucent.uasset" 171
"../../../Engine/Content/EngineDebugMaterials/M_SimpleUnlitTranslucent.uexp" 172
"../../../Engine/Content/EngineDebugMaterials/DebugMeshMaterial.uasset" 173
"../../../Engine/Content/EngineDebugMaterials/DebugMeshMaterial.uexp" 174
"../../../Engine/Content/EngineDebugMaterials/DebugEditorMaterial.uasset" 175
"../../../Engine/Content/EngineDebugMaterials/DebugEditorMaterial.uexp" 176
"../../../Engine/Content/EngineFonts/Faces/RobotoLight.uexp" 177
"../../../Engine/Content/EngineFonts/Faces/RobotoLight.uasset" 178
"../../../Engine/Content/EngineFonts/Faces/RobotoLight.ufont" 179
"../../../Engine/Content/EngineFonts/Faces/RobotoBold.uexp" 180
"../../../Engine/Content/EngineFonts/Faces/RobotoBold.uasset" 181
"../../../Engine/Content/EngineFonts/Faces/RobotoBold.ufont" 182
"../../../Engine/Content/EngineFonts/Faces/RobotoRegular.uexp" 183
"../../../Engine/Content/EngineFonts/Faces/RobotoRegular.uasset" 184
"../../../Engine/Content/EngineFonts/Faces/RobotoRegular.ufont" 185
"../../../Engine/Content/EngineFonts/Faces/DroidSansFallback.uexp" 186
"../../../Engine/Content/EngineFonts/Faces/DroidSansFallback.uasset" 187
"../../../Engine/Content/EngineFonts/Faces/DroidSansFallback.ufont" 188
"../../../Engine/Content/EngineFonts/Faces/RobotoItalic.uexp" 189
"../../../Engine/Content/EngineFonts/Faces/RobotoItalic.uasset" 190
"../../../Engine/Content/EngineFonts/Faces/RobotoItalic.ufont" 191
"../../../Engine/Content/EngineFonts/Faces/RobotoBoldItalic.uexp" 192
"../../../Engine/Content/EngineFonts/Faces/RobotoBoldItalic.uasset" 193
"../../../Engine/Content/EngineFonts/Faces/RobotoBoldItalic.ufont" 194
"../../../Engine/Content/EngineFonts/Roboto.uasset" 195
"../../../Engine/Content/EngineFonts/Roboto.uexp" 196
"../../../Engine/Content/EngineResources/WhiteSquareTexture.uasset" 197
"../../../Engine/Content/EngineResources/WhiteSquareTexture.uexp" 198
"../../../Engine/Content/EngineMaterials/Widget3DPassThrough.uasset" 199
"../../../Engine/Content/EngineMaterials/Widget3DPassThrough.uexp" 200
"../../../Engine/Content/EngineMaterials/Widget3DPassThrough_Translucent.uasset" 201
"../../../Engine/Content/EngineMaterials/Widget3DPassThrough_Translucent.uexp" 202
"../../../Engine/Content/EngineMaterials/Widget3DPassThrough_Translucent_OneSided.uasset" 203
"../../../Engine/Content/EngineMaterials/Widget3DPassThrough_Translucent_OneSided.uexp" 204
"../../../Engine/Content/EngineMaterials/Widget3DPassThrough_Opaque.uasset" 205
"../../../Engine/Content/EngineMaterials/Widget3DPassThrough_Opaque.uexp" 206
"../../../Engine/Content/EngineMaterials/Widget3DPassThrough_Opaque_OneSided.uasset" 207
"../../../Engine/Content/EngineMaterials/Widget3DPassThrough_Opaque_OneSided.uexp" 208
"../../../Engine/Content/EngineMaterials/Widget3DPassThrough_Masked_OneSided.uasset" 209
"../../../Engine/Content/EngineMaterials/Widget3DPassThrough_Masked_OneSided.uexp" 210
"../../../Engine/Content/EngineMaterials/Widget3DPassThrough_Masked.uasset" 211
"../../../Engine/Content/EngineMaterials/Widget3DPassThrough_Masked.uexp" 212
"../../../Engine/Content/EngineMaterials/STBlueNoise_vec2_128x128x64.uasset" 213
"../../../Engine/Content/EngineMaterials/STBlueNoise_vec2_128x128x64.uexp" 214
"../../../Engine/Content/EngineMaterials/STBlueNoise_scalar_128x128x64.uasset" 215
"../../../Engine/Content/EngineMaterials/STBlueNoise_scalar_128x128x64.uexp" 216
"../../../Engine/Content/EngineMaterials/RemoveSurfaceMaterial.uasset" 217
"../../../Engine/Content/EngineMaterials/RemoveSurfaceMaterial.uexp" 218
"../../../Engine/Content/EngineMaterials/DefaultCalibrationGrayscale.uasset" 219
"../../../Engine/Content/EngineMaterials/DefaultCalibrationGrayscale.uexp" 220
"../../../Engine/Content/EngineMaterials/PPM_DefaultCalibrationGrayscale.uasset" 221
"../../../Engine/Content/EngineMaterials/PPM_DefaultCalibrationGrayscale.uexp" 222
"../../../Engine/Content/EngineMaterials/DefaultCalibrationColor.uasset" 223
"../../../Engine/Content/EngineMaterials/DefaultCalibrationColor.uexp" 224
"../../../Engine/Content/EngineMaterials/PPM_DefaultCalibrationColor.uasset" 225
"../../../Engine/Content/EngineMaterials/PPM_DefaultCalibrationColor.uexp" 226
"../../../Engine/Content/Functions/Engine_MaterialFunctions02/WorldPositionOffset/CameraOffset.uasset" 227
"../../../Engine/Content/Functions/Engine_MaterialFunctions02/WorldPositionOffset/CameraOffset.uexp" 228
"../../../Engine/Content/EngineMaterials/PhAT_JointLimitMaterial.uasset" 229
"../../../Engine/Content/EngineMaterials/PhAT_JointLimitMaterial.uexp" 230
"../../../Engine/Content/EngineMaterials/InvalidLightmapSettings.ubulk" 231
"../../../Engine/Content/EngineMaterials/InvalidLightmapSettings.uasset" 232
"../../../Engine/Content/EngineMaterials/InvalidLightmapSettings.uexp" 233
"../../../Engine/Content/EngineMaterials/M_InvalidLightmapSettings.uasset" 234
"../../../Engine/Content/EngineMaterials/M_InvalidLightmapSettings.uexp" 235
"../../../Engine/Content/EngineMaterials/GizmoMaterial.uasset" 236
"../../../Engine/Content/EngineMaterials/GizmoMaterial.uexp" 237
"../../../Engine/Content/EngineMaterials/BaseFlattenEmissiveMap_VT.uasset" 238
"../../../Engine/Content/EngineMaterials/BaseFlattenEmissiveMap_VT.uexp" 239
"../../../Engine/Content/EngineMaterials/BaseFlattenGrayscaleMap_VT.uasset" 240
"../../../Engine/Content/EngineMaterials/BaseFlattenGrayscaleMap_VT.uexp" 241
"../../../Engine/Content/EngineMaterials/BaseFlattenLinearColor_VT.uasset" 242
"../../../Engine/Content/EngineMaterials/BaseFlattenLinearColor_VT.uexp" 243
"../../../Engine/Content/EngineMaterials/Black_1x1_EXR_Texture_VT.uasset" 244
"../../../Engine/Content/EngineMaterials/Black_1x1_EXR_Texture_VT.uexp" 245
"../../../Engine/Content/EngineMaterials/BaseFlattenDiffuseMap_VT.uasset" 246
"../../../Engine/Content/EngineMaterials/BaseFlattenDiffuseMap_VT.uexp" 247
"../../../Engine/Content/EngineMaterials/BaseFlattenNormalMap_VT.uasset" 248
"../../../Engine/Content/EngineMaterials/BaseFlattenNormalMap_VT.uexp" 249
"../../../Engine/Content/EngineMaterials/FlattenMaterial_WS_Normal_VT.uasset" 250
"../../../Engine/Content/EngineMaterials/FlattenMaterial_WS_Normal_VT.uexp" 251
"../../../Engine/Content/EngineMaterials/FlattenMaterial_VT.uasset" 252
"../../../Engine/Content/EngineMaterials/FlattenMaterial_VT.uexp" 253
"../../../Engine/Content/EngineMaterials/BaseFlattenNormalMap.uasset" 254
"../../../Engine/Content/EngineMaterials/BaseFlattenNormalMap.uexp" 255
"../../../Engine/Content/EngineMaterials/BaseFlattenGrayscaleMap.uasset" 256
"../../../Engine/Content/EngineMaterials/BaseFlattenGrayscaleMap.uexp" 257
"../../../Engine/Content/EngineMaterials/BaseFlattenDiffuseMap.uasset" 258
"../../../Engine/Content/EngineMaterials/BaseFlattenDiffuseMap.uexp" 259
"../../../Engine/Content/Functions/Engine_MaterialFunctions02/PivotPainter2/Black_1x1_EXR_Texture.uasset" 260
"../../../Engine/Content/Functions/Engine_MaterialFunctions02/PivotPainter2/Black_1x1_EXR_Texture.uexp" 261
"../../../Engine/Content/EngineMaterials/BaseFlattenEmissiveMap.uasset" 262
"../../../Engine/Content/EngineMaterials/BaseFlattenEmissiveMap.uexp" 263
"../../../Engine/Content/EngineMaterials/BaseFlattenLinearColor.uasset" 264
"../../../Engine/Content/EngineMaterials/BaseFlattenLinearColor.uexp" 265
"../../../Engine/Content/EngineMaterials/FlattenMaterial.uasset" 266
"../../../Engine/Content/EngineMaterials/FlattenMaterial.uexp" 267
"../../../Engine/Content/EngineMaterials/DefaultWhiteGrid_Low.uasset" 268
"../../../Engine/Content/EngineMaterials/DefaultWhiteGrid_Low.uexp" 269
"../../../Engine/Content/EngineMaterials/EmissiveMeshMaterial.uasset" 270
"../../../Engine/Content/EngineMaterials/EmissiveMeshMaterial.uexp" 271
"../../../Engine/Content/EngineFonts/RobotoDistanceField.uasset" 272
"../../../Engine/Content/EngineFonts/RobotoDistanceField.uexp" 273
"../../../Engine/Content/EngineMaterials/DefaultTextMaterialOpaque.uasset" 274
"../../../Engine/Content/EngineMaterials/DefaultTextMaterialOpaque.uexp" 275
"../../../Engine/Content/EngineMaterials/DefaultDiffuse.ubulk" 276
"../../../Engine/Content/EngineMaterials/DefaultDiffuse.uasset" 277
"../../../Engine/Content/EngineMaterials/DefaultDiffuse.uexp" 278
"../../../Engine/Content/Functions/Engine_MaterialFunctions02/Utility/BreakOutFloat2Components.uasset" 279
"../../../Engine/Content/Functions/Engine_MaterialFunctions02/Utility/BreakOutFloat2Components.uexp" 280
"../../../Engine/Content/EngineMaterials/DefaultPostProcessMaterial.uasset" 281
"../../../Engine/Content/EngineMaterials/DefaultPostProcessMaterial.uexp" 282
"../../../Engine/Content/EngineMaterials/DefaultPhysicalMaterial.uasset" 283
"../../../Engine/Content/EngineMaterials/DefaultPhysicalMaterial.uexp" 284
"../../../Engine/Content/EngineMaterials/DefaultLightFunctionMaterial.uasset" 285
"../../../Engine/Content/EngineMaterials/DefaultLightFunctionMaterial.uexp" 286
"../../../Engine/Content/EngineMaterials/DefaultDestructiblePhysicalMaterial.uasset" 287
"../../../Engine/Content/EngineMaterials/DefaultDestructiblePhysicalMaterial.uexp" 288
"../../../Engine/Content/EngineMaterials/DefaultDeferredDecalMaterial.uasset" 289
"../../../Engine/Content/EngineMaterials/DefaultDeferredDecalMaterial.uexp" 290
"../../../Engine/Content/EngineMaterials/DefaultBloomKernel.uasset" 291
"../../../Engine/Content/EngineMaterials/DefaultBloomKernel.uexp" 292
"../../../Engine/Content/EngineResources/FilmGrains/Marcie_Grain_v3_128_M2_000.uasset" 293
"../../../Engine/Content/EngineResources/FilmGrains/Marcie_Grain_v3_128_M2_000.uexp" 294
"../../../Engine/Content/EngineSky/VolumetricClouds/CloudWeatherTexture.uasset" 295
"../../../Engine/Content/EngineSky/VolumetricClouds/CloudWeatherTexture.uexp" 296
"../../../Engine/Content/Functions/Engine_MaterialFunctions02/Utility/MakeFloat2.uasset" 297
"../../../Engine/Content/Functions/Engine_MaterialFunctions02/Utility/MakeFloat2.uexp" 298
"../../../Engine/Content/EngineSky/VolumetricClouds/CloudGradientTexture.uasset" 299
"../../../Engine/Content/EngineSky/VolumetricClouds/CloudGradientTexture.uexp" 300
"../../../Engine/Content/EngineSky/VolumetricClouds/T_NoiseShape64.ubulk" 301
"../../../Engine/Content/EngineSky/VolumetricClouds/T_NoiseShape64.uasset" 302
"../../../Engine/Content/EngineSky/VolumetricClouds/T_NoiseShape64.uexp" 303
"../../../Engine/Content/EngineSky/VolumetricClouds/T_VolumeNoiseShape64.uasset" 304
"../../../Engine/Content/EngineSky/VolumetricClouds/T_VolumeNoiseShape64.uexp" 305
"../../../Engine/Content/EngineSky/VolumetricClouds/T_NoiseErosion.ubulk" 306
"../../../Engine/Content/EngineSky/VolumetricClouds/T_NoiseErosion.uasset" 307
"../../../Engine/Content/EngineSky/VolumetricClouds/T_NoiseErosion.uexp" 308
"../../../Engine/Content/EngineSky/VolumetricClouds/T_VolumeNoiseErosion32.uasset" 309
"../../../Engine/Content/EngineSky/VolumetricClouds/T_VolumeNoiseErosion32.uexp" 310
"../../../Engine/Content/EngineSky/VolumetricClouds/m_SimpleVolumetricCloud.uasset" 311
"../../../Engine/Content/EngineSky/VolumetricClouds/m_SimpleVolumetricCloud.uexp" 312
"../../../Engine/Content/EngineSky/VolumetricClouds/m_SimpleVolumetricCloud_Inst.uasset" 313
"../../../Engine/Content/EngineSky/VolumetricClouds/m_SimpleVolumetricCloud_Inst.uexp" 314
"../../../Engine/Content/EngineSounds/Master.uasset" 315
"../../../Engine/Content/EngineSounds/Master.uexp" 316
"../../../Engine/Content/Functions/Engine_MaterialFunctions01/Shading/PowerToRoughness.uasset" 317
"../../../Engine/Content/Functions/Engine_MaterialFunctions01/Shading/PowerToRoughness.uexp" 318
"../../../Engine/Content/MobileResources/HUD/VirtualJoystick_Background.uasset" 319
"../../../Engine/Content/MobileResources/HUD/VirtualJoystick_Background.uexp" 320
"../../../Engine/Content/MobileResources/HUD/VirtualJoystick_Thumb.uasset" 321
"../../../Engine/Content/MobileResources/HUD/VirtualJoystick_Thumb.uexp" 322
"../../../Engine/Content/MobileResources/HUD/DefaultVirtualJoysticks.uasset" 323
"../../../Engine/Content/MobileResources/HUD/DefaultVirtualJoysticks.uexp" 324
"../../../Engine/Plugins/2D/Paper2D/Content/PlaceholderTextures/DummySpriteTexture.ubulk" 325
"../../../Engine/Plugins/2D/Paper2D/Content/PlaceholderTextures/DummySpriteTexture.uasset" 326
"../../../Engine/Plugins/2D/Paper2D/Content/PlaceholderTextures/DummySpriteTexture.uexp" 327
"../../../Engine/Plugins/2D/Paper2D/Content/DefaultSpriteMaterial.uasset" 328
"../../../Engine/Plugins/2D/Paper2D/Content/DefaultSpriteMaterial.uexp" 329
"../../../Engine/Plugins/2D/Paper2D/Content/OpaqueUnlitSpriteMaterial.uasset" 330
"../../../Engine/Plugins/2D/Paper2D/Content/OpaqueUnlitSpriteMaterial.uexp" 331
"../../../Engine/Plugins/2D/Paper2D/Content/MaskedUnlitSpriteMaterial.uasset" 332
"../../../Engine/Plugins/2D/Paper2D/Content/MaskedUnlitSpriteMaterial.uexp" 333
"../../../Engine/Plugins/2D/Paper2D/Content/DummySprite.uasset" 334
"../../../Engine/Plugins/2D/Paper2D/Content/DummySprite.uexp" 335
"../../../Engine/Plugins/2D/Paper2D/Content/DefaultPaperTerrainMaterial.uasset" 336
"../../../Engine/Plugins/2D/Paper2D/Content/DefaultPaperTerrainMaterial.uexp" 337
"../../../Engine/Plugins/Animation/ControlRig/Content/M_Manip.uasset" 338
"../../../Engine/Plugins/Animation/ControlRig/Content/M_Manip.uexp" 339
"../../../Engine/Plugins/Animation/ControlRig/Content/Controls/DefaultGizmoLibraryNormalized.uasset" 340
"../../../Engine/Plugins/Animation/ControlRig/Content/Controls/DefaultGizmoLibraryNormalized.uexp" 341
"../../../Engine/Plugins/Animation/ControlRig/Content/Controls/ControlRig_Wedge_solid.ubulk" 342
"../../../Engine/Plugins/Animation/ControlRig/Content/Controls/ControlRig_Wedge_solid.uasset" 343
"../../../Engine/Plugins/Animation/ControlRig/Content/Controls/ControlRig_Wedge_solid.uexp" 344
"../../../Engine/Plugins/Animation/ControlRig/Content/Controls/ControlRig_Wedge_3mm.ubulk" 345
"../../../Engine/Plugins/Animation/ControlRig/Content/Controls/ControlRig_Wedge_3mm.uasset" 346
"../../../Engine/Plugins/Animation/ControlRig/Content/Controls/ControlRig_Wedge_3mm.uexp" 347
"../../../Engine/Plugins/Animation/ControlRig/Content/Controls/ControlRig_Wedge_1mm.ubulk" 348
"../../../Engine/Plugins/Animation/ControlRig/Content/Controls/ControlRig_Wedge_1mm.uasset" 349
"../../../Engine/Plugins/Animation/ControlRig/Content/Controls/ControlRig_Wedge_1mm.uexp" 350
"../../../Engine/Plugins/Animation/ControlRig/Content/Controls/ControlRig_Triangle_solid.ubulk" 351
"../../../Engine/Plugins/Animation/ControlRig/Content/Controls/ControlRig_Triangle_solid.uasset" 352
"../../../Engine/Plugins/Animation/ControlRig/Content/Controls/ControlRig_Triangle_solid.uexp" 353
"../../../Engine/Plugins/Animation/ControlRig/Content/Controls/ControlRig_Triangle_3mm.ubulk" 354
"../../../Engine/Plugins/Animation/ControlRig/Content/Controls/ControlRig_Triangle_3mm.uasset" 355
"../../../Engine/Plugins/Animation/ControlRig/Content/Controls/ControlRig_Triangle_3mm.uexp" 356
"../../../Engine/Plugins/Animation/ControlRig/Content/Controls/ControlRig_Triangle_1mm.ubulk" 357
"../../../Engine/Plugins/Animation/ControlRig/Content/Controls/ControlRig_Triangle_1mm.uasset" 358
"../../../Engine/Plugins/Animation/ControlRig/Content/Controls/ControlRig_Triangle_1mm.uexp" 359
"../../../Engine/Plugins/Animation/ControlRig/Content/Controls/ControlRig_Star4_solid.ubulk" 360
"../../../Engine/Plugins/Animation/ControlRig/Content/Controls/ControlRig_Star4_solid.uasset" 361
"../../../Engine/Plugins/Animation/ControlRig/Content/Controls/ControlRig_Star4_solid.uexp" 362
"../../../Engine/Plugins/Animation/ControlRig/Content/Controls/ControlRig_Star4_3mm.ubulk" 363
"../../../Engine/Plugins/Animation/ControlRig/Content/Controls/ControlRig_Star4_3mm.uasset" 364
"../../../Engine/Plugins/Animation/ControlRig/Content/Controls/ControlRig_Star4_3mm.uexp" 365
"../../../Engine/Plugins/Animation/ControlRig/Content/Controls/ControlRig_Star4_1mm.ubulk" 366
"../../../Engine/Plugins/Animation/ControlRig/Content/Controls/ControlRig_Star4_1mm.uasset" 367
"../../../Engine/Plugins/Animation/ControlRig/Content/Controls/ControlRig_Star4_1mm.uexp" 368
"../../../Engine/Plugins/Animation/ControlRig/Content/Controls/ControlRig_Square_solid.ubulk" 369
"../../../Engine/Plugins/Animation/ControlRig/Content/Controls/ControlRig_Square_solid.uasset" 370
"../../../Engine/Plugins/Animation/ControlRig/Content/Controls/ControlRig_Square_solid.uexp" 371
"../../../Engine/Plugins/Animation/ControlRig/Content/Controls/ControlRig_Square_3mm.ubulk" 372
"../../../Engine/Plugins/Animation/ControlRig/Content/Controls/ControlRig_Square_3mm.uasset" 373
"../../../Engine/Plugins/Animation/ControlRig/Content/Controls/ControlRig_Square_3mm.uexp" 374
"../../../Engine/Plugins/Animation/ControlRig/Content/Controls/ControlRig_Square_1mm.ubulk" 375
"../../../Engine/Plugins/Animation/ControlRig/Content/Controls/ControlRig_Square_1mm.uasset" 376
"../../../Engine/Plugins/Animation/ControlRig/Content/Controls/ControlRig_Square_1mm.uexp" 377
"../../../Engine/Plugins/Animation/ControlRig/Content/Controls/ControlRig_Sphere_solid.ubulk" 378
"../../../Engine/Plugins/Animation/ControlRig/Content/Controls/ControlRig_Sphere_solid.uasset" 379
"../../../Engine/Plugins/Animation/ControlRig/Content/Controls/ControlRig_Sphere_solid.uexp" 380
"../../../Engine/Plugins/Animation/ControlRig/Content/Controls/ControlRig_Sphere_3mm.ubulk" 381
"../../../Engine/Plugins/Animation/ControlRig/Content/Controls/ControlRig_Sphere_3mm.uasset" 382
"../../../Engine/Plugins/Animation/ControlRig/Content/Controls/ControlRig_Sphere_3mm.uexp" 383
"../../../Engine/Plugins/Animation/ControlRig/Content/Controls/ControlRig_Sphere_1mm.ubulk" 384
"../../../Engine/Plugins/Animation/ControlRig/Content/Controls/ControlRig_Sphere_1mm.uasset" 385
"../../../Engine/Plugins/Animation/ControlRig/Content/Controls/ControlRig_Sphere_1mm.uexp" 386
"../../../Engine/Plugins/Animation/ControlRig/Content/Controls/ControlRig_RoundedTriangle_solid.ubulk" 387
"../../../Engine/Plugins/Animation/ControlRig/Content/Controls/ControlRig_RoundedTriangle_solid.uasset" 388
"../../../Engine/Plugins/Animation/ControlRig/Content/Controls/ControlRig_RoundedTriangle_solid.uexp" 389
"../../../Engine/Plugins/Animation/ControlRig/Content/Controls/ControlRig_RoundedTriangle_3mm.ubulk" 390
"../../../Engine/Plugins/Animation/ControlRig/Content/Controls/ControlRig_RoundedTriangle_3mm.uasset" 391
"../../../Engine/Plugins/Animation/ControlRig/Content/Controls/ControlRig_RoundedTriangle_3mm.uexp" 392
"../../../Engine/Plugins/Animation/ControlRig/Content/Controls/ControlRig_RoundedTriangle_1mm.ubulk" 393
"../../../Engine/Plugins/Animation/ControlRig/Content/Controls/ControlRig_RoundedTriangle_1mm.uasset" 394
"../../../Engine/Plugins/Animation/ControlRig/Content/Controls/ControlRig_RoundedTriangle_1mm.uexp" 395
"../../../Engine/Plugins/Animation/ControlRig/Content/Controls/ControlRig_RoundedSquare_solid.ubulk" 396
"../../../Engine/Plugins/Animation/ControlRig/Content/Controls/ControlRig_RoundedSquare_solid.uasset" 397
"../../../Engine/Plugins/Animation/ControlRig/Content/Controls/ControlRig_RoundedSquare_solid.uexp" 398
"../../../Engine/Plugins/Animation/ControlRig/Content/Controls/ControlRig_RoundedSquare_3mm.ubulk" 399
"../../../Engine/Plugins/Animation/ControlRig/Content/Controls/ControlRig_RoundedSquare_3mm.uasset" 400
"../../../Engine/Plugins/Animation/ControlRig/Content/Controls/ControlRig_RoundedSquare_3mm.uexp" 401
"../../../Engine/Plugins/Animation/ControlRig/Content/Controls/ControlRig_RoundedSquare_1mm.ubulk" 402
"../../../Engine/Plugins/Animation/ControlRig/Content/Controls/ControlRig_RoundedSquare_1mm.uasset" 403
"../../../Engine/Plugins/Animation/ControlRig/Content/Controls/ControlRig_RoundedSquare_1mm.uexp" 404
"../../../Engine/Plugins/Animation/ControlRig/Content/Controls/ControlRig_QuarterCircle_solid.ubulk" 405
"../../../Engine/Plugins/Animation/ControlRig/Content/Controls/ControlRig_QuarterCircle_solid.uasset" 406
"../../../Engine/Plugins/Animation/ControlRig/Content/Controls/ControlRig_QuarterCircle_solid.uexp" 407
"../../../Engine/Plugins/Animation/ControlRig/Content/Controls/ControlRig_QuarterCircle_3mm.ubulk" 408
"../../../Engine/Plugins/Animation/ControlRig/Content/Controls/ControlRig_QuarterCircle_3mm.uasset" 409
"../../../Engine/Plugins/Animation/ControlRig/Content/Controls/ControlRig_QuarterCircle_3mm.uexp" 410
"../../../Engine/Plugins/Animation/ControlRig/Content/Controls/ControlRig_QuarterCircle_1mm.ubulk" 411
"../../../Engine/Plugins/Animation/ControlRig/Content/Controls/ControlRig_QuarterCircle_1mm.uasset" 412
"../../../Engine/Plugins/Animation/ControlRig/Content/Controls/ControlRig_QuarterCircle_1mm.uexp" 413
"../../../Engine/Plugins/Animation/ControlRig/Content/Controls/ControlRig_Pyramid_solid.ubulk" 414
"../../../Engine/Plugins/Animation/ControlRig/Content/Controls/ControlRig_Pyramid_solid.uasset" 415
"../../../Engine/Plugins/Animation/ControlRig/Content/Controls/ControlRig_Pyramid_solid.uexp" 416
"../../../Engine/Plugins/Animation/ControlRig/Content/Controls/ControlRig_Pyramid_3mm.ubulk" 417
"../../../Engine/Plugins/Animation/ControlRig/Content/Controls/ControlRig_Pyramid_3mm.uasset" 418
"../../../Engine/Plugins/Animation/ControlRig/Content/Controls/ControlRig_Pyramid_3mm.uexp" 419
"../../../Engine/Plugins/Animation/ControlRig/Content/Controls/ControlRig_Pyramid_1mm.ubulk" 420
"../../../Engine/Plugins/Animation/ControlRig/Content/Controls/ControlRig_Pyramid_1mm.uasset" 421
"../../../Engine/Plugins/Animation/ControlRig/Content/Controls/ControlRig_Pyramid_1mm.uexp" 422
"../../../Engine/Plugins/Animation/ControlRig/Content/Controls/ControlRig_Octagon_solid.ubulk" 423
"../../../Engine/Plugins/Animation/ControlRig/Content/Controls/ControlRig_Octagon_solid.uasset" 424
"../../../Engine/Plugins/Animation/ControlRig/Content/Controls/ControlRig_Octagon_solid.uexp" 425
"../../../Engine/Plugins/Animation/ControlRig/Content/Controls/ControlRig_Octagon_3mm.ubulk" 426
"../../../Engine/Plugins/Animation/ControlRig/Content/Controls/ControlRig_Octagon_3mm.uasset" 427
"../../../Engine/Plugins/Animation/ControlRig/Content/Controls/ControlRig_Octagon_3mm.uexp" 428
"../../../Engine/Plugins/Animation/ControlRig/Content/Controls/ControlRig_Octagon_1mm.ubulk" 429
"../../../Engine/Plugins/Animation/ControlRig/Content/Controls/ControlRig_Octagon_1mm.uasset" 430
"../../../Engine/Plugins/Animation/ControlRig/Content/Controls/ControlRig_Octagon_1mm.uexp" 431
"../../../Engine/Plugins/Animation/ControlRig/Content/Controls/ControlRig_Hexagon_solid.ubulk" 432
"../../../Engine/Plugins/Animation/ControlRig/Content/Controls/ControlRig_Hexagon_solid.uasset" 433
"../../../Engine/Plugins/Animation/ControlRig/Content/Controls/ControlRig_Hexagon_solid.uexp" 434
"../../../Engine/Plugins/Animation/ControlRig/Content/Controls/ControlRig_Hexagon_3mm.ubulk" 435
"../../../Engine/Plugins/Animation/ControlRig/Content/Controls/ControlRig_Hexagon_3mm.uasset" 436
"../../../Engine/Plugins/Animation/ControlRig/Content/Controls/ControlRig_Hexagon_3mm.uexp" 437
"../../../Engine/Plugins/Animation/ControlRig/Content/Controls/ControlRig_Hexagon_1mm.ubulk" 438
"../../../Engine/Plugins/Animation/ControlRig/Content/Controls/ControlRig_Hexagon_1mm.uasset" 439
"../../../Engine/Plugins/Animation/ControlRig/Content/Controls/ControlRig_Hexagon_1mm.uexp" 440
"../../../Engine/Plugins/Animation/ControlRig/Content/Controls/ControlRig_HalfCircle_solid.ubulk" 441
"../../../Engine/Plugins/Animation/ControlRig/Content/Controls/ControlRig_HalfCircle_solid.uasset" 442
"../../../Engine/Plugins/Animation/ControlRig/Content/Controls/ControlRig_HalfCircle_solid.uexp" 443
"../../../Engine/Plugins/Animation/ControlRig/Content/Controls/ControlRig_HalfCircle_3mm.ubulk" 444
"../../../Engine/Plugins/Animation/ControlRig/Content/Controls/ControlRig_HalfCircle_3mm.uasset" 445
"../../../Engine/Plugins/Animation/ControlRig/Content/Controls/ControlRig_HalfCircle_3mm.uexp" 446
"../../../Engine/Plugins/Animation/ControlRig/Content/Controls/ControlRig_HalfCircle_1mm.ubulk" 447
"../../../Engine/Plugins/Animation/ControlRig/Content/Controls/ControlRig_HalfCircle_1mm.uasset" 448
"../../../Engine/Plugins/Animation/ControlRig/Content/Controls/ControlRig_HalfCircle_1mm.uexp" 449
"../../../Engine/Plugins/Animation/ControlRig/Content/Controls/ControlRig_Diamond_solid.ubulk" 450
"../../../Engine/Plugins/Animation/ControlRig/Content/Controls/ControlRig_Diamond_solid.uasset" 451
"../../../Engine/Plugins/Animation/ControlRig/Content/Controls/ControlRig_Diamond_solid.uexp" 452
"../../../Engine/Plugins/Animation/ControlRig/Content/Controls/ControlRig_Diamond_3mm.ubulk" 453
"../../../Engine/Plugins/Animation/ControlRig/Content/Controls/ControlRig_Diamond_3mm.uasset" 454
"../../../Engine/Plugins/Animation/ControlRig/Content/Controls/ControlRig_Diamond_3mm.uexp" 455
"../../../Engine/Plugins/Animation/ControlRig/Content/Controls/ControlRig_Diamond_1mm.ubulk" 456
"../../../Engine/Plugins/Animation/ControlRig/Content/Controls/ControlRig_Diamond_1mm.uasset" 457
"../../../Engine/Plugins/Animation/ControlRig/Content/Controls/ControlRig_Diamond_1mm.uexp" 458
"../../../Engine/Plugins/Animation/ControlRig/Content/Controls/ControlRig_Circle_solid.ubulk" 459
"../../../Engine/Plugins/Animation/ControlRig/Content/Controls/ControlRig_Circle_solid.uasset" 460
"../../../Engine/Plugins/Animation/ControlRig/Content/Controls/ControlRig_Circle_solid.uexp" 461
"../../../Engine/Plugins/Animation/ControlRig/Content/Controls/ControlRig_Circle_3mm.ubulk" 462
"../../../Engine/Plugins/Animation/ControlRig/Content/Controls/ControlRig_Circle_3mm.uasset" 463
"../../../Engine/Plugins/Animation/ControlRig/Content/Controls/ControlRig_Circle_3mm.uexp" 464
"../../../Engine/Plugins/Animation/ControlRig/Content/Controls/ControlRig_Circle_1mm.ubulk" 465
"../../../Engine/Plugins/Animation/ControlRig/Content/Controls/ControlRig_Circle_1mm.uasset" 466
"../../../Engine/Plugins/Animation/ControlRig/Content/Controls/ControlRig_Circle_1mm.uexp" 467
"../../../Engine/Plugins/Animation/ControlRig/Content/Controls/ControlRig_Box_solid.ubulk" 468
"../../../Engine/Plugins/Animation/ControlRig/Content/Controls/ControlRig_Box_solid.uasset" 469
"../../../Engine/Plugins/Animation/ControlRig/Content/Controls/ControlRig_Box_solid.uexp" 470
"../../../Engine/Plugins/Animation/ControlRig/Content/Controls/ControlRig_Box_3mm.ubulk" 471
"../../../Engine/Plugins/Animation/ControlRig/Content/Controls/ControlRig_Box_3mm.uasset" 472
"../../../Engine/Plugins/Animation/ControlRig/Content/Controls/ControlRig_Box_3mm.uexp" 473
"../../../Engine/Plugins/Animation/ControlRig/Content/Controls/ControlRig_Box_1mm.ubulk" 474
"../../../Engine/Plugins/Animation/ControlRig/Content/Controls/ControlRig_Box_1mm.uasset" 475
"../../../Engine/Plugins/Animation/ControlRig/Content/Controls/ControlRig_Box_1mm.uexp" 476
"../../../Engine/Plugins/Animation/ControlRig/Content/Controls/ControlRig_Arrow_solid.ubulk" 477
"../../../Engine/Plugins/Animation/ControlRig/Content/Controls/ControlRig_Arrow_solid.uasset" 478
"../../../Engine/Plugins/Animation/ControlRig/Content/Controls/ControlRig_Arrow_solid.uexp" 479
"../../../Engine/Plugins/Animation/ControlRig/Content/Controls/ControlRig_Arrow_3mm.ubulk" 480
"../../../Engine/Plugins/Animation/ControlRig/Content/Controls/ControlRig_Arrow_3mm.uasset" 481
"../../../Engine/Plugins/Animation/ControlRig/Content/Controls/ControlRig_Arrow_3mm.uexp" 482
"../../../Engine/Plugins/Animation/ControlRig/Content/Controls/ControlRig_Arrow_1mm.ubulk" 483
"../../../Engine/Plugins/Animation/ControlRig/Content/Controls/ControlRig_Arrow_1mm.uasset" 484
"../../../Engine/Plugins/Animation/ControlRig/Content/Controls/ControlRig_Arrow_1mm.uexp" 485
"../../../Engine/Plugins/Animation/ControlRig/Content/Controls/ControlRig_Arrow4_solid.ubulk" 486
"../../../Engine/Plugins/Animation/ControlRig/Content/Controls/ControlRig_Arrow4_solid.uasset" 487
"../../../Engine/Plugins/Animation/ControlRig/Content/Controls/ControlRig_Arrow4_solid.uexp" 488
"../../../Engine/Plugins/Animation/ControlRig/Content/Controls/ControlRig_Arrow4_3mm.ubulk" 489
"../../../Engine/Plugins/Animation/ControlRig/Content/Controls/ControlRig_Arrow4_3mm.uasset" 490
"../../../Engine/Plugins/Animation/ControlRig/Content/Controls/ControlRig_Arrow4_3mm.uexp" 491
"../../../Engine/Plugins/Animation/ControlRig/Content/Controls/ControlRig_Arrow4_1mm.ubulk" 492
"../../../Engine/Plugins/Animation/ControlRig/Content/Controls/ControlRig_Arrow4_1mm.uasset" 493
"../../../Engine/Plugins/Animation/ControlRig/Content/Controls/ControlRig_Arrow4_1mm.uexp" 494
"../../../Engine/Plugins/Animation/ControlRig/Content/Controls/ControlRig_Arrow2_solid.ubulk" 495
"../../../Engine/Plugins/Animation/ControlRig/Content/Controls/ControlRig_Arrow2_solid.uasset" 496
"../../../Engine/Plugins/Animation/ControlRig/Content/Controls/ControlRig_Arrow2_solid.uexp" 497
"../../../Engine/Plugins/Animation/ControlRig/Content/Controls/ControlRig_Arrow2_3mm.ubulk" 498
"../../../Engine/Plugins/Animation/ControlRig/Content/Controls/ControlRig_Arrow2_3mm.uasset" 499
"../../../Engine/Plugins/Animation/ControlRig/Content/Controls/ControlRig_Arrow2_3mm.uexp" 500
"../../../Engine/Plugins/Animation/ControlRig/Content/Controls/ControlRig_Arrow2_1mm.ubulk" 501
"../../../Engine/Plugins/Animation/ControlRig/Content/Controls/ControlRig_Arrow2_1mm.uasset" 502
"../../../Engine/Plugins/Animation/ControlRig/Content/Controls/ControlRig_Arrow2_1mm.uexp" 503
"../../../Engine/Plugins/Animation/ControlRig/Content/Controls/ControlRigXRayMaterial.uasset" 504
"../../../Engine/Plugins/Animation/ControlRig/Content/Controls/ControlRigXRayMaterial.uexp" 505
"../../../Engine/Plugins/Animation/ControlRig/Content/Controls/ControlRigGizmoMaterial.uasset" 506
"../../../Engine/Plugins/Animation/ControlRig/Content/Controls/ControlRigGizmoMaterial.uexp" 507
"../../../Engine/Plugins/Editor/SpeedTreeImporter/Content/SpeedTree9/game_wind_noise.ubulk" 508
"../../../Engine/Plugins/Editor/SpeedTreeImporter/Content/SpeedTree9/game_wind_noise.uasset" 509
"../../../Engine/Plugins/Editor/SpeedTreeImporter/Content/SpeedTree9/game_wind_noise.uexp" 510
"../../../Engine/Plugins/Editor/SpeedTreeImporter/Content/SpeedTree9/UnpackDirection.uasset" 511
"../../../Engine/Plugins/Editor/SpeedTreeImporter/Content/SpeedTree9/UnpackDirection.uexp" 512
"../../../Engine/Content/Functions/Engine_MaterialFunctions02/ObjectLocalBounds.uasset" 513
"../../../Engine/Content/Functions/Engine_MaterialFunctions02/ObjectLocalBounds.uexp" 514
"../../../Engine/Content/Functions/Engine_MaterialFunctions02/UVs/BoundingBoxBased_0-1_UVW.uasset" 515
"../../../Engine/Content/Functions/Engine_MaterialFunctions02/UVs/BoundingBoxBased_0-1_UVW.uexp" 516
"../../../Engine/Content/Functions/Engine_MaterialFunctions02/Utility/VectorLength.uasset" 517
"../../../Engine/Content/Functions/Engine_MaterialFunctions02/Utility/VectorLength.uexp" 518
"../../../Engine/Plugins/Editor/SpeedTreeImporter/Content/SpeedTree9/UnpackInteger3.uasset" 519
"../../../Engine/Plugins/Editor/SpeedTreeImporter/Content/SpeedTree9/UnpackInteger3.uexp" 520
"../../../Engine/Plugins/Editor/SpeedTreeImporter/Content/SpeedTree9/SpeedTreeCameraFacing.uasset" 521
"../../../Engine/Plugins/Editor/SpeedTreeImporter/Content/SpeedTree9/SpeedTreeCameraFacing.uexp" 522
"../../../Engine/Content/Functions/Engine_MaterialFunctions02/WorldPositionOffset/ObjectScale.uasset" 523
"../../../Engine/Content/Functions/Engine_MaterialFunctions02/WorldPositionOffset/ObjectScale.uexp" 524
"../../../Engine/Content/Functions/Engine_MaterialFunctions02/SafeNormalize.uasset" 525
"../../../Engine/Content/Functions/Engine_MaterialFunctions02/SafeNormalize.uexp" 526
"../../../Engine/Plugins/Editor/SpeedTreeImporter/Content/SpeedTree9/SpeedTreeWindMotion.uasset" 527
"../../../Engine/Plugins/Editor/SpeedTreeImporter/Content/SpeedTree9/SpeedTreeWindMotion.uexp" 528
"../../../Engine/Plugins/Editor/SpeedTreeImporter/Content/SpeedTree9/SpeedTreeBranchMotion.uasset" 529
"../../../Engine/Plugins/Editor/SpeedTreeImporter/Content/SpeedTree9/SpeedTreeBranchMotion.uexp" 530
"../../../Engine/Plugins/Editor/SpeedTreeImporter/Content/SpeedTree9/SpeedTreeWind.uasset" 531
"../../../Engine/Plugins/Editor/SpeedTreeImporter/Content/SpeedTree9/SpeedTreeWind.uexp" 532
"../../../Engine/Plugins/Editor/SpeedTreeImporter/Content/SpeedTree9/EmptyNormal.uasset" 533
"../../../Engine/Plugins/Editor/SpeedTreeImporter/Content/SpeedTree9/EmptyNormal.uexp" 534
"../../../Engine/Plugins/Editor/SpeedTreeImporter/Content/SpeedTree9/Empty.uasset" 535
"../../../Engine/Plugins/Editor/SpeedTreeImporter/Content/SpeedTree9/Empty.uexp" 536
"../../../Engine/Plugins/Editor/SpeedTreeImporter/Content/SpeedTree9/SpeedTreeMaster.uasset" 537
"../../../Engine/Plugins/Editor/SpeedTreeImporter/Content/SpeedTree9/SpeedTreeMaster.uexp" 538
"../../../Engine/Plugins/Editor/SpeedTreeImporter/Content/SpeedTree9/SpeedTreeBillboard.uasset" 539
"../../../Engine/Plugins/Editor/SpeedTreeImporter/Content/SpeedTree9/SpeedTreeBillboard.uexp" 540
"../../../Engine/Plugins/Editor/SpeedTreeImporter/Content/SpeedTree9/SpeedTreeBillboardMaster.uasset" 541
"../../../Engine/Plugins/Editor/SpeedTreeImporter/Content/SpeedTree9/SpeedTreeBillboardMaster.uexp" 542
"../../../Engine/Content/Functions/Engine_MaterialFunctions02/Texturing/CustomRotator.uasset" 543
"../../../Engine/Content/Functions/Engine_MaterialFunctions02/Texturing/CustomRotator.uexp" 544
"../../../Engine/Content/Functions/Engine_MaterialFunctions02/Texturing/ScreenAlignedPixelToPixelUVs.uasset" 545
"../../../Engine/Content/Functions/Engine_MaterialFunctions02/Texturing/ScreenAlignedPixelToPixelUVs.uexp" 546
"../../../Engine/Plugins/Interchange/Runtime/Content/Utilities/T_Bayer64_Grayscale_64px.uasset" 547
"../../../Engine/Plugins/Interchange/Runtime/Content/Utilities/T_Bayer64_Grayscale_64px.uexp" 548
"../../../Engine/Plugins/Interchange/Runtime/Content/gltf/MaterialFunctions/MF_Temporal_Blur.uasset" 549
"../../../Engine/Plugins/Interchange/Runtime/Content/gltf/MaterialFunctions/MF_Temporal_Blur.uexp" 550
"../../../Engine/Plugins/Interchange/Runtime/Content/gltf/MaterialFunctions/MF_Fresnel_DS.uasset" 551
"../../../Engine/Plugins/Interchange/Runtime/Content/gltf/MaterialFunctions/MF_Fresnel_DS.uexp" 552
"../../../Engine/Plugins/Interchange/Runtime/Content/Functions/MX_Transmission.uasset" 553
"../../../Engine/Plugins/Interchange/Runtime/Content/Functions/MX_Transmission.uexp" 554
"../../../Engine/Plugins/Interchange/Runtime/Content/Functions/MF_OrenNayerView.uasset" 555
"../../../Engine/Plugins/Interchange/Runtime/Content/Functions/MF_OrenNayerView.uexp" 556
"../../../Engine/Plugins/Interchange/Runtime/Content/Functions/MF_SchlickApprox.uasset" 557
"../../../Engine/Plugins/Interchange/Runtime/Content/Functions/MF_SchlickApprox.uexp" 558
"../../../Engine/Plugins/Interchange/Runtime/Content/Utilities/New_LUT.uasset" 559
"../../../Engine/Plugins/Interchange/Runtime/Content/Utilities/New_LUT.uexp" 560
"../../../Engine/Content/Functions/Engine_MaterialFunctions03/Math/RemapValueRange.uasset" 561
"../../../Engine/Content/Functions/Engine_MaterialFunctions03/Math/RemapValueRange.uexp" 562
"../../../Engine/Plugins/Interchange/Runtime/Content/Functions/MF_Iridescence.uasset" 563
"../../../Engine/Plugins/Interchange/Runtime/Content/Functions/MF_Iridescence.uexp" 564
"../../../Engine/Plugins/Interchange/Runtime/Content/Functions/MX_StandardSurface.uasset" 565
"../../../Engine/Plugins/Interchange/Runtime/Content/Functions/MX_StandardSurface.uexp" 566
"../../../Engine/Plugins/Interchange/Runtime/Content/Functions/MX_TransmissionSurface.uasset" 567
"../../../Engine/Plugins/Interchange/Runtime/Content/Functions/MX_TransmissionSurface.uexp" 568
"../../../Engine/Content/Functions/Engine_MaterialFunctions02/Math/AddComponents.uasset" 569
"../../../Engine/Content/Functions/Engine_MaterialFunctions02/Math/AddComponents.uexp" 570
"../../../Engine/Content/Functions/Engine_MaterialFunctions02/WorldPositionOffset/V2/ObjectScale.uasset" 571
"../../../Engine/Content/Functions/Engine_MaterialFunctions02/WorldPositionOffset/V2/ObjectScale.uexp" 572
"../../../Engine/Plugins/Interchange/Runtime/Content/gltf/MaterialFunctions/MF_TransmissionOpacity.uasset" 573
"../../../Engine/Plugins/Interchange/Runtime/Content/gltf/MaterialFunctions/MF_TransmissionOpacity.uexp" 574
"../../../Engine/Plugins/Interchange/Runtime/Content/gltf/MaterialFunctions/MF_RotateV2.uasset" 575
"../../../Engine/Plugins/Interchange/Runtime/Content/gltf/MaterialFunctions/MF_RotateV2.uexp" 576
"../../../Engine/Plugins/Interchange/Runtime/Content/gltf/MaterialFunctions/MF_TransformUVs.uasset" 577
"../../../Engine/Plugins/Interchange/Runtime/Content/gltf/MaterialFunctions/MF_TransformUVs.uexp" 578
"../../../Engine/Plugins/Interchange/Runtime/Content/gltf/Textures/T_White_srgb.uasset" 579
"../../../Engine/Plugins/Interchange/Runtime/Content/gltf/Textures/T_White_srgb.uexp" 580
"../../../Engine/Plugins/Interchange/Runtime/Content/gltf/MaterialFunctions/MF_BaseColor.uasset" 581
"../../../Engine/Plugins/Interchange/Runtime/Content/gltf/MaterialFunctions/MF_BaseColor.uexp" 582
"../../../Engine/Plugins/Interchange/Runtime/Content/gltf/MaterialFunctions/MF_DiffuseSpecGloss.uasset" 583
"../../../Engine/Plugins/Interchange/Runtime/Content/gltf/MaterialFunctions/MF_DiffuseSpecGloss.uexp" 584
"../../../Engine/Plugins/Interchange/Runtime/Content/gltf/Textures/T_White_Linear.uasset" 585
"../../../Engine/Plugins/Interchange/Runtime/Content/gltf/Textures/T_White_Linear.uexp" 586
"../../../Engine/Plugins/Interchange/Runtime/Content/gltf/MaterialFunctions/MF_MetallicRoughness.uasset" 587
"../../../Engine/Plugins/Interchange/Runtime/Content/gltf/MaterialFunctions/MF_MetallicRoughness.uexp" 588
"../../../Engine/Plugins/Interchange/Runtime/Content/gltf/MaterialFunctions/MF_Transmission.uasset" 589
"../../../Engine/Plugins/Interchange/Runtime/Content/gltf/MaterialFunctions/MF_Transmission.uexp" 590
"../../../Engine/Plugins/Interchange/Runtime/Content/gltf/MaterialFunctions/MF_Occlusion.uasset" 591
"../../../Engine/Plugins/Interchange/Runtime/Content/gltf/MaterialFunctions/MF_Occlusion.uexp" 592
"../../../Engine/Plugins/Interchange/Runtime/Content/gltf/MaterialFunctions/MF_Specular.uasset" 593
"../../../Engine/Plugins/Interchange/Runtime/Content/gltf/MaterialFunctions/MF_Specular.uexp" 594
"../../../Engine/Plugins/Interchange/Runtime/Content/gltf/MaterialFunctions/MF_IOR.uasset" 595
"../../../Engine/Plugins/Interchange/Runtime/Content/gltf/MaterialFunctions/MF_IOR.uexp" 596
"../../../Engine/Content/Functions/Engine_MaterialFunctions01/Texturing/FlattenNormal.uasset" 597
"../../../Engine/Content/Functions/Engine_MaterialFunctions01/Texturing/FlattenNormal.uexp" 598
"../../../Engine/Content/Functions/Engine_MaterialFunctions02/Math/Transform3x3Matrix.uasset" 599
"../../../Engine/Content/Functions/Engine_MaterialFunctions02/Math/Transform3x3Matrix.uexp" 600
"../../../Engine/Plugins/Interchange/Runtime/Content/gltf/MaterialFunctions/MF_RotateNormals_TS.uasset" 601
"../../../Engine/Plugins/Interchange/Runtime/Content/gltf/MaterialFunctions/MF_RotateNormals_TS.uexp" 602
"../../../Engine/Plugins/Interchange/Runtime/Content/gltf/Textures/T_Generic_N.uasset" 603
"../../../Engine/Plugins/Interchange/Runtime/Content/gltf/Textures/T_Generic_N.uexp" 604
"../../../Engine/Plugins/Interchange/Runtime/Content/gltf/MaterialFunctions/MF_Normals.uasset" 605
"../../../Engine/Plugins/Interchange/Runtime/Content/gltf/MaterialFunctions/MF_Normals.uexp" 606
"../../../Engine/Plugins/Interchange/Runtime/Content/gltf/MaterialFunctions/MF_PerceivedBrightness.uasset" 607
"../../../Engine/Plugins/Interchange/Runtime/Content/gltf/MaterialFunctions/MF_PerceivedBrightness.uexp" 608
"../../../Engine/Plugins/Interchange/Runtime/Content/gltf/MaterialFunctions/MF_SpecGlossToMetalRoughness.uasset" 609
"../../../Engine/Plugins/Interchange/Runtime/Content/gltf/MaterialFunctions/MF_SpecGlossToMetalRoughness.uexp" 610
"../../../Engine/Plugins/Interchange/Runtime/Content/gltf/M_Transmission.uasset" 611
"../../../Engine/Plugins/Interchange/Runtime/Content/gltf/M_Transmission.uexp" 612
"../../../Engine/Plugins/Interchange/Runtime/Content/gltf/MaterialInstances_MR/MI_Transmission_TS.uasset" 613
"../../../Engine/Plugins/Interchange/Runtime/Content/gltf/MaterialInstances_MR/MI_Transmission_TS.uexp" 614
"../../../Engine/Plugins/Interchange/Runtime/Content/gltf/MaterialInstances_MR/MI_Transmission.uasset" 615
"../../../Engine/Plugins/Interchange/Runtime/Content/gltf/MaterialInstances_MR/MI_Transmission.uexp" 616
"../../../Engine/Plugins/Interchange/Runtime/Content/gltf/MaterialFunctions/MF_Clearcoat.uasset" 617
"../../../Engine/Plugins/Interchange/Runtime/Content/gltf/MaterialFunctions/MF_Clearcoat.uexp" 618
"../../../Engine/Plugins/Interchange/Runtime/Content/gltf/MaterialFunctions/MF_Emissive.uasset" 619
"../../../Engine/Plugins/Interchange/Runtime/Content/gltf/MaterialFunctions/MF_Emissive.uexp" 620
"../../../Engine/Plugins/Interchange/Runtime/Content/gltf/M_Translucent.uasset" 621
"../../../Engine/Plugins/Interchange/Runtime/Content/gltf/M_Translucent.uexp" 622
"../../../Engine/Plugins/Interchange/Runtime/Content/gltf/MaterialInstances_MR/MI_Translucent_TS.uasset" 623
"../../../Engine/Plugins/Interchange/Runtime/Content/gltf/MaterialInstances_MR/MI_Translucent_TS.uexp" 624
"../../../Engine/Plugins/Interchange/Runtime/Content/gltf/MaterialInstances_MR/MI_Translucent_ClearCoat_TS.uasset" 625
"../../../Engine/Plugins/Interchange/Runtime/Content/gltf/MaterialInstances_MR/MI_Translucent_ClearCoat_TS.uexp" 626
"../../../Engine/Plugins/Interchange/Runtime/Content/gltf/MaterialInstances_MR/MI_Translucent_ClearCoat.uasset" 627
"../../../Engine/Plugins/Interchange/Runtime/Content/gltf/MaterialInstances_MR/MI_Translucent_ClearCoat.uexp" 628
"../../../Engine/Plugins/Interchange/Runtime/Content/gltf/MaterialInstances_MR/MI_Translucent.uasset" 629
"../../../Engine/Plugins/Interchange/Runtime/Content/gltf/MaterialInstances_MR/MI_Translucent.uexp" 630
"../../../Engine/Plugins/Interchange/Runtime/Content/gltf/M_Unlit.uasset" 631
"../../../Engine/Plugins/Interchange/Runtime/Content/gltf/M_Unlit.uexp" 632
"../../../Engine/Plugins/Interchange/Runtime/Content/gltf/MaterialInstances_MR/MI_Opaque_Unlit_TS.uasset" 633
"../../../Engine/Plugins/Interchange/Runtime/Content/gltf/MaterialInstances_MR/MI_Opaque_Unlit_TS.uexp" 634
"../../../Engine/Plugins/Interchange/Runtime/Content/gltf/MaterialInstances_MR/MI_Opaque_Unlit.uasset" 635
"../../../Engine/Plugins/Interchange/Runtime/Content/gltf/MaterialInstances_MR/MI_Opaque_Unlit.uexp" 636
"../../../Engine/Plugins/Interchange/Runtime/Content/gltf/M_Opaque.uasset" 637
"../../../Engine/Plugins/Interchange/Runtime/Content/gltf/M_Opaque.uexp" 638
"../../../Engine/Plugins/Interchange/Runtime/Content/gltf/MaterialInstances_MR/MI_Opaque_TS.uasset" 639
"../../../Engine/Plugins/Interchange/Runtime/Content/gltf/MaterialInstances_MR/MI_Opaque_TS.uexp" 640
"../../../Engine/Plugins/Interchange/Runtime/Content/gltf/MaterialFunctions/MF_Sheen.uasset" 641
"../../../Engine/Plugins/Interchange/Runtime/Content/gltf/MaterialFunctions/MF_Sheen.uexp" 642
"../../../Engine/Content/Functions/Engine_MaterialFunctions01/Shading/FuzzyShading.uasset" 643
"../../../Engine/Content/Functions/Engine_MaterialFunctions01/Shading/FuzzyShading.uexp" 644
"../../../Engine/Plugins/Interchange/Runtime/Content/gltf/M_Sheen.uasset" 645
"../../../Engine/Plugins/Interchange/Runtime/Content/gltf/M_Sheen.uexp" 646
"../../../Engine/Plugins/Interchange/Runtime/Content/gltf/MaterialInstances_MR/MI_Opaque_Sheen_TS.uasset" 647
"../../../Engine/Plugins/Interchange/Runtime/Content/gltf/MaterialInstances_MR/MI_Opaque_Sheen_TS.uexp" 648
"../../../Engine/Plugins/Interchange/Runtime/Content/gltf/MaterialInstances_MR/MI_Opaque_Sheen.uasset" 649
"../../../Engine/Plugins/Interchange/Runtime/Content/gltf/MaterialInstances_MR/MI_Opaque_Sheen.uexp" 650
"../../../Engine/Plugins/Interchange/Runtime/Content/gltf/MaterialInstances_MR/MI_Opaque_ClearCoat_TS.uasset" 651
"../../../Engine/Plugins/Interchange/Runtime/Content/gltf/MaterialInstances_MR/MI_Opaque_ClearCoat_TS.uexp" 652
"../../../Engine/Plugins/Interchange/Runtime/Content/gltf/MaterialInstances_MR/MI_Opaque_ClearCoat.uasset" 653
"../../../Engine/Plugins/Interchange/Runtime/Content/gltf/MaterialInstances_MR/MI_Opaque_ClearCoat.uexp" 654
"../../../Engine/Plugins/Interchange/Runtime/Content/gltf/MaterialInstances_MR/MI_Opaque.uasset" 655
"../../../Engine/Plugins/Interchange/Runtime/Content/gltf/MaterialInstances_MR/MI_Opaque.uexp" 656
"../../../Engine/Plugins/Interchange/Runtime/Content/gltf/MaterialInstances_SG/MI_Transmission_TS.uasset" 657
"../../../Engine/Plugins/Interchange/Runtime/Content/gltf/MaterialInstances_SG/MI_Transmission_TS.uexp" 658
"../../../Engine/Plugins/Interchange/Runtime/Content/gltf/MaterialInstances_SG/MI_Transmission.uasset" 659
"../../../Engine/Plugins/Interchange/Runtime/Content/gltf/MaterialInstances_SG/MI_Transmission.uexp" 660
"../../../Engine/Plugins/Interchange/Runtime/Content/gltf/MaterialInstances_SG/MI_Translucent_TS.uasset" 661
"../../../Engine/Plugins/Interchange/Runtime/Content/gltf/MaterialInstances_SG/MI_Translucent_TS.uexp" 662
"../../../Engine/Plugins/Interchange/Runtime/Content/gltf/MaterialInstances_SG/MI_Translucent_ClearCoat_TS.uasset" 663
"../../../Engine/Plugins/Interchange/Runtime/Content/gltf/MaterialInstances_SG/MI_Translucent_ClearCoat_TS.uexp" 664
"../../../Engine/Plugins/Interchange/Runtime/Content/gltf/MaterialInstances_SG/MI_Translucent_ClearCoat.uasset" 665
"../../../Engine/Plugins/Interchange/Runtime/Content/gltf/MaterialInstances_SG/MI_Translucent_ClearCoat.uexp" 666
"../../../Engine/Plugins/Interchange/Runtime/Content/gltf/MaterialInstances_SG/MI_Translucent.uasset" 667
"../../../Engine/Plugins/Interchange/Runtime/Content/gltf/MaterialInstances_SG/MI_Translucent.uexp" 668
"../../../Engine/Plugins/Interchange/Runtime/Content/gltf/MaterialInstances_SG/MI_Opaque_TS.uasset" 669
"../../../Engine/Plugins/Interchange/Runtime/Content/gltf/MaterialInstances_SG/MI_Opaque_TS.uexp" 670
"../../../Engine/Plugins/Interchange/Runtime/Content/gltf/MaterialInstances_SG/MI_Opaque_Sheen_TS.uasset" 671
"../../../Engine/Plugins/Interchange/Runtime/Content/gltf/MaterialInstances_SG/MI_Opaque_Sheen_TS.uexp" 672
"../../../Engine/Plugins/Interchange/Runtime/Content/gltf/MaterialInstances_SG/MI_Opaque_Sheen.uasset" 673
"../../../Engine/Plugins/Interchange/Runtime/Content/gltf/MaterialInstances_SG/MI_Opaque_Sheen.uexp" 674
"../../../Engine/Plugins/Interchange/Runtime/Content/gltf/MaterialInstances_SG/MI_Opaque_ClearCoat_TS.uasset" 675
"../../../Engine/Plugins/Interchange/Runtime/Content/gltf/MaterialInstances_SG/MI_Opaque_ClearCoat_TS.uexp" 676
"../../../Engine/Plugins/Interchange/Runtime/Content/gltf/MaterialInstances_SG/MI_Opaque_ClearCoat.uasset" 677
"../../../Engine/Plugins/Interchange/Runtime/Content/gltf/MaterialInstances_SG/MI_Opaque_ClearCoat.uexp" 678
"../../../Engine/Plugins/Interchange/Runtime/Content/gltf/MaterialInstances_SG/MI_Opaque.uasset" 679
"../../../Engine/Plugins/Interchange/Runtime/Content/gltf/MaterialInstances_SG/MI_Opaque.uexp" 680
"../../../Engine/Plugins/Interchange/Runtime/Content/gltf/Textures/T_Gray_Linear.uasset" 681
"../../../Engine/Plugins/Interchange/Runtime/Content/gltf/Textures/T_Gray_Linear.uexp" 682
"../../../Engine/Plugins/Interchange/Runtime/Content/gltf/Textures/T_Black_srgb.uasset" 683
"../../../Engine/Plugins/Interchange/Runtime/Content/gltf/Textures/T_Black_srgb.uexp" 684
"../../../Engine/Plugins/Interchange/Runtime/Content/Materials/UnlitMaterial.uasset" 685
"../../../Engine/Plugins/Interchange/Runtime/Content/Materials/UnlitMaterial.uexp" 686
"../../../Engine/Content/EngineMaterials/DefaultNormal.ubulk" 687
"../../../Engine/Content/EngineMaterials/DefaultNormal.uasset" 688
"../../../Engine/Content/EngineMaterials/DefaultNormal.uexp" 689
"../../../Engine/Plugins/Interchange/Runtime/Content/Materials/MapOrScalarFunction.uasset" 690
"../../../Engine/Plugins/Interchange/Runtime/Content/Materials/MapOrScalarFunction.uexp" 691
"../../../Engine/Plugins/Interchange/Runtime/Content/Materials/MapOrLinearColorFunction.uasset" 692
"../../../Engine/Plugins/Interchange/Runtime/Content/Materials/MapOrLinearColorFunction.uexp" 693
"../../../Engine/Plugins/Interchange/Runtime/Content/Materials/MapOrColorFunction.uasset" 694
"../../../Engine/Plugins/Interchange/Runtime/Content/Materials/MapOrColorFunction.uexp" 695
"../../../Engine/Plugins/Interchange/Runtime/Content/Materials/CommonMaterial.uasset" 696
"../../../Engine/Plugins/Interchange/Runtime/Content/Materials/CommonMaterial.uexp" 697
"../../../Engine/Plugins/Interchange/Runtime/Content/Materials/PBRSurfaceFunction.uasset" 698
"../../../Engine/Plugins/Interchange/Runtime/Content/Materials/PBRSurfaceFunction.uexp" 699
"../../../Engine/Plugins/Interchange/Runtime/Content/Materials/ThinTranslucentMaterial.uasset" 700
"../../../Engine/Plugins/Interchange/Runtime/Content/Materials/ThinTranslucentMaterial.uexp" 701
"../../../Engine/Plugins/Interchange/Runtime/Content/Materials/SubsurfaceMaterial.uasset" 702
"../../../Engine/Plugins/Interchange/Runtime/Content/Materials/SubsurfaceMaterial.uexp" 703
"../../../Engine/Plugins/Interchange/Runtime/Content/Materials/SheenMaterial.uasset" 704
"../../../Engine/Plugins/Interchange/Runtime/Content/Materials/SheenMaterial.uexp" 705
"../../../Engine/Content/Functions/Engine_MaterialFunctions01/Shading/ConvertFromDiffSpec.uasset" 706
"../../../Engine/Content/Functions/Engine_MaterialFunctions01/Shading/ConvertFromDiffSpec.uexp" 707
"../../../Engine/Plugins/Interchange/Runtime/Content/Materials/PhongSurfaceMaterial.uasset" 708
"../../../Engine/Plugins/Interchange/Runtime/Content/Materials/PhongSurfaceMaterial.uexp" 709
"../../../Engine/Plugins/Interchange/Runtime/Content/Materials/PBRSurfaceMaterial.uasset" 710
"../../../Engine/Plugins/Interchange/Runtime/Content/Materials/PBRSurfaceMaterial.uexp" 711
"../../../Engine/Content/EngineMaterials/FlatNormal.uasset" 712
"../../../Engine/Content/EngineMaterials/FlatNormal.uexp" 713
"../../../Engine/Content/EditorLandscapeResources/WhiteSquareTexture.uasset" 714
"../../../Engine/Content/EditorLandscapeResources/WhiteSquareTexture.uexp" 715
"../../../Engine/Plugins/Interchange/Runtime/Content/Materials/OrenNayerMaterial.uasset" 716
"../../../Engine/Plugins/Interchange/Runtime/Content/Materials/OrenNayerMaterial.uexp" 717
"../../../Engine/Plugins/Interchange/Runtime/Content/Materials/LambertSurfaceMaterial.uasset" 718
"../../../Engine/Plugins/Interchange/Runtime/Content/Materials/LambertSurfaceMaterial.uexp" 719
"../../../Engine/Plugins/Interchange/Runtime/Content/Materials/ClearCoatMaterial.uasset" 720
"../../../Engine/Plugins/Interchange/Runtime/Content/Materials/ClearCoatMaterial.uexp" 721
"../../../Engine/Plugins/Interchange/Runtime/Content/Pipelines/DefaultTexturePipeline.uasset" 722
"../../../Engine/Plugins/Interchange/Runtime/Content/Pipelines/DefaultTexturePipeline.uexp" 723
"../../../Engine/Plugins/Interchange/Runtime/Content/Pipelines/DefaultSceneLevelPipeline.uasset" 724
"../../../Engine/Plugins/Interchange/Runtime/Content/Pipelines/DefaultSceneLevelPipeline.uexp" 725
"../../../Engine/Plugins/Interchange/Runtime/Content/Pipelines/DefaultSceneAssetsPipeline.uasset" 726
"../../../Engine/Plugins/Interchange/Runtime/Content/Pipelines/DefaultSceneAssetsPipeline.uexp" 727
"../../../Engine/Plugins/Interchange/Runtime/Content/Pipelines/DefaultMaterialPipeline.uasset" 728
"../../../Engine/Plugins/Interchange/Runtime/Content/Pipelines/DefaultMaterialPipeline.uexp" 729
"../../../Engine/Plugins/Interchange/Runtime/Content/Pipelines/DefaultAssetsPipeline.uasset" 730
"../../../Engine/Plugins/Interchange/Runtime/Content/Pipelines/DefaultAssetsPipeline.uexp" 731
"../../../Engine/Content/Functions/Engine_MaterialFunctions02/WorldPositionOffset/ObjectPivotPoint.uasset" 732
"../../../Engine/Content/Functions/Engine_MaterialFunctions02/WorldPositionOffset/ObjectPivotPoint.uexp" 733
"../../../Engine/Plugins/Runtime/HDRIBackdrop/Content/Materials/HDRI_Attributes.uasset" 734
"../../../Engine/Plugins/Runtime/HDRIBackdrop/Content/Materials/HDRI_Attributes.uexp" 735
"../../../Engine/Plugins/Runtime/HDRIBackdrop/Content/Materials/HDRI_Projection.uasset" 736
"../../../Engine/Plugins/Runtime/HDRIBackdrop/Content/Materials/HDRI_Projection.uexp" 737
"../../../Engine/Plugins/Runtime/HDRIBackdrop/Content/Materials/MI_HDRI_CenterProjection.uasset" 738
"../../../Engine/Plugins/Runtime/HDRIBackdrop/Content/Materials/MI_HDRI_CenterProjection.uexp" 739
"../../../Engine/Plugins/Runtime/HDRIBackdrop/Content/Textures/approaching_storm_4k.uasset" 740
"../../../Engine/Plugins/Runtime/HDRIBackdrop/Content/Textures/approaching_storm_4k.uexp" 741
"../../../Engine/Plugins/Runtime/HDRIBackdrop/Content/Materials/MI_HDRI_CameraProjection.uasset" 742
"../../../Engine/Plugins/Runtime/HDRIBackdrop/Content/Materials/MI_HDRI_CameraProjection.uexp" 743
"../../../Engine/Plugins/Runtime/HDRIBackdrop/Content/Meshes/EnviroDome.ubulk" 744
"../../../Engine/Plugins/Runtime/HDRIBackdrop/Content/Meshes/EnviroDome.uasset" 745
"../../../Engine/Plugins/Runtime/HDRIBackdrop/Content/Meshes/EnviroDome.uexp" 746
"../../../Engine/Plugins/Runtime/HDRIBackdrop/Content/Blueprints/HDRIBackdrop.uasset" 747
"../../../Engine/Plugins/Runtime/HDRIBackdrop/Content/Blueprints/HDRIBackdrop.uexp" 748
"../../../Engine/Plugins/Runtime/MeshModelingToolset/Content/Materials/M_DynamicMeshComponentVtxColor.uasset" 749
"../../../Engine/Plugins/Runtime/MeshModelingToolset/Content/Materials/M_DynamicMeshComponentVtxColor.uexp" 750
"C:/Users/Max/Projects/MapProject/RoboGame/RoboGame/Content/Maps/saves/SaveMap.uasset" 751
"C:/Users/Max/Projects/MapProject/RoboGame/RoboGame/Content/Maps/saves/SaveMap.uexp" 752
"C:/Users/Max/Projects/MapProject/RoboGame/RoboGame/Content/Maps/saves/SavePlayer.uasset" 753
"C:/Users/Max/Projects/MapProject/RoboGame/RoboGame/Content/Maps/saves/SavePlayer.uexp" 754
"C:/Users/Max/Projects/MapProject/RoboGame/RoboGame/Content/Maps/saves/SaveSkill.uasset" 755
"C:/Users/Max/Projects/MapProject/RoboGame/RoboGame/Content/Maps/saves/SaveSkill.uexp" 756
"C:/Users/Max/Projects/MapProject/RoboGame/RoboGame/Content/Maps/saves/SaveInventory.uasset" 757
"C:/Users/Max/Projects/MapProject/RoboGame/RoboGame/Content/Maps/saves/SaveInventory.uexp" 758
"C:/Users/Max/Projects/MapProject/RoboGame/RoboGame/Content/Maps/saves/SaveGlobal.uasset" 759
"C:/Users/Max/Projects/MapProject/RoboGame/RoboGame/Content/Maps/saves/SaveGlobal.uexp" 760
"C:/Users/Max/Projects/MapProject/RoboGame/RoboGame/Content/Skills/Alchemy/AbstractAlchemySkill.uasset" 761
"C:/Users/Max/Projects/MapProject/RoboGame/RoboGame/Content/Skills/Alchemy/AbstractAlchemySkill.uexp" 762
"C:/Users/Max/Projects/MapProject/RoboGame/RoboGame/Content/Skills/Sword/AbstractSwordSkill.uasset" 763
"C:/Users/Max/Projects/MapProject/RoboGame/RoboGame/Content/Skills/Sword/AbstractSwordSkill.uexp" 764
"C:/Users/Max/Projects/MapProject/RoboGame/RoboGame/Content/Characters/Mannequins/Meshes/SK_Mannequin.uasset" 765
"C:/Users/Max/Projects/MapProject/RoboGame/RoboGame/Content/Characters/Mannequins/Meshes/SK_Mannequin.uexp" 766
"C:/Users/Max/Projects/MapProject/RoboGame/RoboGame/Content/Characters/Mannequins/Textures/Quinn/T_Quinn_02ID_MSR_MSK.ubulk" 767
"C:/Users/Max/Projects/MapProject/RoboGame/RoboGame/Content/Characters/Mannequins/Textures/Quinn/T_Quinn_02ID_MSR_MSK.uasset" 768
"C:/Users/Max/Projects/MapProject/RoboGame/RoboGame/Content/Characters/Mannequins/Textures/Quinn/T_Quinn_02ID_MSR_MSK.uexp" 769
"C:/Users/Max/Projects/MapProject/RoboGame/RoboGame/Content/Characters/Mannequins/Textures/Quinn/T_Quinn_02ID_BN.ubulk" 770
"C:/Users/Max/Projects/MapProject/RoboGame/RoboGame/Content/Characters/Mannequins/Textures/Quinn/T_Quinn_02ID_BN.uasset" 771
"C:/Users/Max/Projects/MapProject/RoboGame/RoboGame/Content/Characters/Mannequins/Textures/Quinn/T_Quinn_02ID_BN.uexp" 772
"C:/Users/Max/Projects/MapProject/RoboGame/RoboGame/Content/Characters/Mannequins/Textures/Quinn/T_Quinn_02_ASAOMASK_MSK.ubulk" 773
"C:/Users/Max/Projects/MapProject/RoboGame/RoboGame/Content/Characters/Mannequins/Textures/Quinn/T_Quinn_02_ASAOMASK_MSK.uasset" 774
"C:/Users/Max/Projects/MapProject/RoboGame/RoboGame/Content/Characters/Mannequins/Textures/Quinn/T_Quinn_02_ASAOMASK_MSK.uexp" 775
"C:/Users/Max/Projects/MapProject/RoboGame/RoboGame/Content/Characters/Mannequins/Textures/Quinn/T_Quinn_02_CCRCCPlastic_MSK.ubulk" 776
"C:/Users/Max/Projects/MapProject/RoboGame/RoboGame/Content/Characters/Mannequins/Textures/Quinn/T_Quinn_02_CCRCCPlastic_MSK.uasset" 777
"C:/Users/Max/Projects/MapProject/RoboGame/RoboGame/Content/Characters/Mannequins/Textures/Quinn/T_Quinn_02_CCRCCPlastic_MSK.uexp" 778
"C:/Users/Max/Projects/MapProject/RoboGame/RoboGame/Content/Characters/Mannequins/Textures/Quinn/T_Quinn_02ID_Tan.ubulk" 779
"C:/Users/Max/Projects/MapProject/RoboGame/RoboGame/Content/Characters/Mannequins/Textures/Quinn/T_Quinn_02ID_Tan.uasset" 780
"C:/Users/Max/Projects/MapProject/RoboGame/RoboGame/Content/Characters/Mannequins/Textures/Quinn/T_Quinn_02ID_Tan.uexp" 781
"C:/Users/Max/Projects/MapProject/RoboGame/RoboGame/Content/Characters/Mannequins/Textures/Quinn/T_Quinn_02ID_D.ubulk" 782
"C:/Users/Max/Projects/MapProject/RoboGame/RoboGame/Content/Characters/Mannequins/Textures/Quinn/T_Quinn_02ID_D.uasset" 783
"C:/Users/Max/Projects/MapProject/RoboGame/RoboGame/Content/Characters/Mannequins/Textures/Quinn/T_Quinn_02ID_D.uexp" 784
"C:/Users/Max/Projects/MapProject/RoboGame/RoboGame/Content/Characters/Mannequins/Textures/Quinn/T_Quinn_01ID_MSR_MSK.ubulk" 785
"C:/Users/Max/Projects/MapProject/RoboGame/RoboGame/Content/Characters/Mannequins/Textures/Quinn/T_Quinn_01ID_MSR_MSK.uasset" 786
"C:/Users/Max/Projects/MapProject/RoboGame/RoboGame/Content/Characters/Mannequins/Textures/Quinn/T_Quinn_01ID_MSR_MSK.uexp" 787
"C:/Users/Max/Projects/MapProject/RoboGame/RoboGame/Content/Characters/Mannequins/Materials/Functions/ChromaticCurve.uasset" 788
"C:/Users/Max/Projects/MapProject/RoboGame/RoboGame/Content/Characters/Mannequins/Materials/Functions/ChromaticCurve.uexp" 789
"C:/Users/Max/Projects/MapProject/RoboGame/RoboGame/Content/Characters/Mannequins/Materials/Functions/CA_Mannequin.uasset" 790
"C:/Users/Max/Projects/MapProject/RoboGame/RoboGame/Content/Characters/Mannequins/Materials/Functions/CA_Mannequin.uexp" 791
"C:/Users/Max/Projects/MapProject/RoboGame/RoboGame/Content/Characters/Mannequins/Materials/Functions/MF_Diffraction.uasset" 792
"C:/Users/Max/Projects/MapProject/RoboGame/RoboGame/Content/Characters/Mannequins/Materials/Functions/MF_Diffraction.uexp" 793
"C:/Users/Max/Projects/MapProject/RoboGame/RoboGame/Content/Characters/Mannequins/Textures/Manny/T_Manny_01_N.ubulk" 794
"C:/Users/Max/Projects/MapProject/RoboGame/RoboGame/Content/Characters/Mannequins/Textures/Manny/T_Manny_01_N.uasset" 795
"C:/Users/Max/Projects/MapProject/RoboGame/RoboGame/Content/Characters/Mannequins/Textures/Manny/T_Manny_01_N.uexp" 796
"C:/Users/Max/Projects/MapProject/RoboGame/RoboGame/Content/Characters/Mannequins/Materials/Functions/ML_BaseColorFallOff.uasset" 797
"C:/Users/Max/Projects/MapProject/RoboGame/RoboGame/Content/Characters/Mannequins/Materials/Functions/ML_BaseColorFallOff.uexp" 798
"../../../Engine/Content/Functions/Engine_MaterialFunctions01/Texturing/ScaleUVsByCenter.uasset" 799
"../../../Engine/Content/Functions/Engine_MaterialFunctions01/Texturing/ScaleUVsByCenter.uexp" 800
"C:/Users/Max/Projects/MapProject/RoboGame/RoboGame/Content/Characters/Mannequins/Textures/Shared/T_UE_Logo_M.uasset" 801
"C:/Users/Max/Projects/MapProject/RoboGame/RoboGame/Content/Characters/Mannequins/Textures/Shared/T_UE_Logo_M.uexp" 802
"C:/Users/Max/Projects/MapProject/RoboGame/RoboGame/Content/Characters/Mannequins/Materials/Functions/MF_logo3layers.uasset" 803
"C:/Users/Max/Projects/MapProject/RoboGame/RoboGame/Content/Characters/Mannequins/Materials/Functions/MF_logo3layers.uexp" 804
"C:/Users/Max/Projects/MapProject/RoboGame/RoboGame/Content/Characters/Mannequins/Textures/Manny/T_Manny_01_CCRCCPlastic_MSK.ubulk" 805
"C:/Users/Max/Projects/MapProject/RoboGame/RoboGame/Content/Characters/Mannequins/Textures/Manny/T_Manny_01_CCRCCPlastic_MSK.uasset" 806
"C:/Users/Max/Projects/MapProject/RoboGame/RoboGame/Content/Characters/Mannequins/Textures/Manny/T_Manny_01_CCRCCPlastic_MSK.uexp" 807
"C:/Users/Max/Projects/MapProject/RoboGame/RoboGame/Content/Characters/Mannequins/Textures/Manny/T_Manny_01_ASAOPMASK_MSK.ubulk" 808
"C:/Users/Max/Projects/MapProject/RoboGame/RoboGame/Content/Characters/Mannequins/Textures/Manny/T_Manny_01_ASAOPMASK_MSK.uasset" 809
"C:/Users/Max/Projects/MapProject/RoboGame/RoboGame/Content/Characters/Mannequins/Textures/Manny/T_Manny_01_ASAOPMASK_MSK.uexp" 810
"C:/Users/Max/Projects/MapProject/RoboGame/RoboGame/Content/Characters/Mannequins/Textures/Manny/T_Manny_01_MSR_MSK.ubulk" 811
"C:/Users/Max/Projects/MapProject/RoboGame/RoboGame/Content/Characters/Mannequins/Textures/Manny/T_Manny_01_MSR_MSK.uasset" 812
"C:/Users/Max/Projects/MapProject/RoboGame/RoboGame/Content/Characters/Mannequins/Textures/Manny/T_Manny_01_MSR_MSK.uexp" 813
"C:/Users/Max/Projects/MapProject/RoboGame/RoboGame/Content/Characters/Mannequins/Textures/Manny/T_Manny_01_BN.ubulk" 814
"C:/Users/Max/Projects/MapProject/RoboGame/RoboGame/Content/Characters/Mannequins/Textures/Manny/T_Manny_01_BN.uasset" 815
"C:/Users/Max/Projects/MapProject/RoboGame/RoboGame/Content/Characters/Mannequins/Textures/Manny/T_Manny_01_BN.uexp" 816
"C:/Users/Max/Projects/MapProject/RoboGame/RoboGame/Content/Characters/Mannequins/Textures/Manny/T_Manny_01_D.ubulk" 817
"C:/Users/Max/Projects/MapProject/RoboGame/RoboGame/Content/Characters/Mannequins/Textures/Manny/T_Manny_01_D.uasset" 818
"C:/Users/Max/Projects/MapProject/RoboGame/RoboGame/Content/Characters/Mannequins/Textures/Manny/T_Manny_01_D.uexp" 819
"C:/Users/Max/Projects/MapProject/RoboGame/RoboGame/Content/Characters/Mannequins/Textures/Manny/T_Manny_01_Tan.ubulk" 820
"C:/Users/Max/Projects/MapProject/RoboGame/RoboGame/Content/Characters/Mannequins/Textures/Manny/T_Manny_01_Tan.uasset" 821
"C:/Users/Max/Projects/MapProject/RoboGame/RoboGame/Content/Characters/Mannequins/Textures/Manny/T_Manny_01_Tan.uexp" 822
"C:/Users/Max/Projects/MapProject/RoboGame/RoboGame/Content/Characters/Mannequins/Materials/M_Mannequin.uasset" 823
"C:/Users/Max/Projects/MapProject/RoboGame/RoboGame/Content/Characters/Mannequins/Materials/M_Mannequin.uexp" 824
"C:/Users/Max/Projects/MapProject/RoboGame/RoboGame/Content/Characters/Mannequins/Textures/Quinn/T_Quinn_01_ASAOMASK_MSK.ubulk" 825
"C:/Users/Max/Projects/MapProject/RoboGame/RoboGame/Content/Characters/Mannequins/Textures/Quinn/T_Quinn_01_ASAOMASK_MSK.uasset" 826
"C:/Users/Max/Projects/MapProject/RoboGame/RoboGame/Content/Characters/Mannequins/Textures/Quinn/T_Quinn_01_ASAOMASK_MSK.uexp" 827
"C:/Users/Max/Projects/MapProject/RoboGame/RoboGame/Content/Characters/Mannequins/Textures/Quinn/T_Quinn_01ID_N.ubulk" 828
"C:/Users/Max/Projects/MapProject/RoboGame/RoboGame/Content/Characters/Mannequins/Textures/Quinn/T_Quinn_01ID_N.uasset" 829
"C:/Users/Max/Projects/MapProject/RoboGame/RoboGame/Content/Characters/Mannequins/Textures/Quinn/T_Quinn_01ID_N.uexp" 830
"C:/Users/Max/Projects/MapProject/RoboGame/RoboGame/Content/Characters/Mannequins/Textures/Quinn/T_Quinn_01ID_BN.ubulk" 831
"C:/Users/Max/Projects/MapProject/RoboGame/RoboGame/Content/Characters/Mannequins/Textures/Quinn/T_Quinn_01ID_BN.uasset" 832
"C:/Users/Max/Projects/MapProject/RoboGame/RoboGame/Content/Characters/Mannequins/Textures/Quinn/T_Quinn_01ID_BN.uexp" 833
"C:/Users/Max/Projects/MapProject/RoboGame/RoboGame/Content/Characters/Mannequins/Textures/Quinn/T_Quinn_01ID_D.ubulk" 834
"C:/Users/Max/Projects/MapProject/RoboGame/RoboGame/Content/Characters/Mannequins/Textures/Quinn/T_Quinn_01ID_D.uasset" 835
"C:/Users/Max/Projects/MapProject/RoboGame/RoboGame/Content/Characters/Mannequins/Textures/Quinn/T_Quinn_01ID_D.uexp" 836
"C:/Users/Max/Projects/MapProject/RoboGame/RoboGame/Content/Characters/Mannequins/Textures/Quinn/T_Quinn_01ID_Tan.ubulk" 837
"C:/Users/Max/Projects/MapProject/RoboGame/RoboGame/Content/Characters/Mannequins/Textures/Quinn/T_Quinn_01ID_Tan.uasset" 838
"C:/Users/Max/Projects/MapProject/RoboGame/RoboGame/Content/Characters/Mannequins/Textures/Quinn/T_Quinn_01ID_Tan.uexp" 839
"C:/Users/Max/Projects/MapProject/RoboGame/RoboGame/Content/Characters/Mannequins/Textures/Quinn/T_Quinn_01_CCRCCPlastic_MSK.ubulk" 840
"C:/Users/Max/Projects/MapProject/RoboGame/RoboGame/Content/Characters/Mannequins/Textures/Quinn/T_Quinn_01_CCRCCPlastic_MSK.uasset" 841
"C:/Users/Max/Projects/MapProject/RoboGame/RoboGame/Content/Characters/Mannequins/Textures/Quinn/T_Quinn_01_CCRCCPlastic_MSK.uexp" 842
"C:/Users/Max/Projects/MapProject/RoboGame/RoboGame/Content/Characters/Mannequins/Materials/Instances/Quinn/MI_Quinn_01.uasset" 843
"C:/Users/Max/Projects/MapProject/RoboGame/RoboGame/Content/Characters/Mannequins/Materials/Instances/Quinn/MI_Quinn_01.uexp" 844
"C:/Users/Max/Projects/MapProject/RoboGame/RoboGame/Content/Characters/Mannequins/Textures/Quinn/T_Quinn_02ID_N.ubulk" 845
"C:/Users/Max/Projects/MapProject/RoboGame/RoboGame/Content/Characters/Mannequins/Textures/Quinn/T_Quinn_02ID_N.uasset" 846
"C:/Users/Max/Projects/MapProject/RoboGame/RoboGame/Content/Characters/Mannequins/Textures/Quinn/T_Quinn_02ID_N.uexp" 847
"C:/Users/Max/Projects/MapProject/RoboGame/RoboGame/Content/Characters/Mannequins/Materials/Instances/Quinn/MI_Quinn_02.uasset" 848
"C:/Users/Max/Projects/MapProject/RoboGame/RoboGame/Content/Characters/Mannequins/Materials/Instances/Quinn/MI_Quinn_02.uexp" 849
"C:/Users/Max/Projects/MapProject/RoboGame/RoboGame/Content/Characters/Mannequins/Rigs/PA_Mannequin.uasset" 850
"C:/Users/Max/Projects/MapProject/RoboGame/RoboGame/Content/Characters/Mannequins/Rigs/PA_Mannequin.uexp" 851
"C:/Users/Max/Projects/MapProject/RoboGame/RoboGame/Content/Characters/Mannequins/Meshes/SKM_Quinn_Simple.uasset" 852
"C:/Users/Max/Projects/MapProject/RoboGame/RoboGame/Content/Characters/Mannequins/Meshes/SKM_Quinn_Simple.uexp" 853
"C:/Users/Max/Projects/MapProject/RoboGame/RoboGame/Content/UI/StatsUX.uasset" 854
"C:/Users/Max/Projects/MapProject/RoboGame/RoboGame/Content/UI/StatsUX.uexp" 855
"C:/Users/Max/Projects/MapProject/RoboGame/RoboGame/Content/ThirdPerson/Input/Actions/Sword_Skill_Cast.uasset" 856
"C:/Users/Max/Projects/MapProject/RoboGame/RoboGame/Content/ThirdPerson/Input/Actions/Sword_Skill_Cast.uexp" 857
"C:/Users/Max/Projects/MapProject/RoboGame/RoboGame/Content/Skills/Alchemy/Alchemy_Skill_1.uasset" 858
"C:/Users/Max/Projects/MapProject/RoboGame/RoboGame/Content/Skills/Alchemy/Alchemy_Skill_1.uexp" 859
"C:/Users/Max/Projects/MapProject/RoboGame/RoboGame/Content/ThirdPerson/Input/Actions/Alchemy_Skill_Cast.uasset" 860
"C:/Users/Max/Projects/MapProject/RoboGame/RoboGame/Content/ThirdPerson/Input/Actions/Alchemy_Skill_Cast.uexp" 861
"../../../Engine/Content/EditorBlueprintResources/StandardMacros.uasset" 862
"../../../Engine/Content/EditorBlueprintResources/StandardMacros.uexp" 863
"C:/Users/Max/Projects/MapProject/RoboGame/RoboGame/Content/UI/utils/accept_save.uasset" 864
"C:/Users/Max/Projects/MapProject/RoboGame/RoboGame/Content/UI/utils/accept_save.uexp" 865
"C:/Users/Max/Projects/MapProject/RoboGame/RoboGame/Content/Maps/menus/assets/button_pressed.uasset" 866
"C:/Users/Max/Projects/MapProject/RoboGame/RoboGame/Content/Maps/menus/assets/button_pressed.uexp" 867
"C:/Users/Max/Projects/MapProject/RoboGame/RoboGame/Content/Maps/menus/assets/bg.uasset" 868
"C:/Users/Max/Projects/MapProject/RoboGame/RoboGame/Content/Maps/menus/assets/bg.uexp" 869
"C:/Users/Max/Projects/MapProject/RoboGame/RoboGame/Content/Maps/menus/assets/logo.uasset" 870
"C:/Users/Max/Projects/MapProject/RoboGame/RoboGame/Content/Maps/menus/assets/logo.uexp" 871
"C:/Users/Max/Projects/MapProject/RoboGame/RoboGame/Content/Maps/menus/assets/title.uasset" 872
"C:/Users/Max/Projects/MapProject/RoboGame/RoboGame/Content/Maps/menus/assets/title.uexp" 873
"C:/Users/Max/Projects/MapProject/RoboGame/RoboGame/Content/Maps/menus/assets/button_dop_section.uasset" 874
"C:/Users/Max/Projects/MapProject/RoboGame/RoboGame/Content/Maps/menus/assets/button_dop_section.uexp" 875
"C:/Users/Max/Projects/MapProject/RoboGame/RoboGame/Content/Maps/menus/assets/button.uasset" 876
"C:/Users/Max/Projects/MapProject/RoboGame/RoboGame/Content/Maps/menus/assets/button.uexp" 877
"C:/Users/Max/Projects/MapProject/RoboGame/RoboGame/Content/Maps/saves/SaveGI.uasset" 878
"C:/Users/Max/Projects/MapProject/RoboGame/RoboGame/Content/Maps/saves/SaveGI.uexp" 879
"C:/Users/Max/Projects/MapProject/RoboGame/RoboGame/Content/Maps/GameInstancies/SettingsGI.uasset" 880
"C:/Users/Max/Projects/MapProject/RoboGame/RoboGame/Content/Maps/GameInstancies/SettingsGI.uexp" 881
"C:/Users/Max/Projects/MapProject/RoboGame/RoboGame/Content/UI/utils/B_save_button_MM.uasset" 882
"C:/Users/Max/Projects/MapProject/RoboGame/RoboGame/Content/UI/utils/B_save_button_MM.uexp" 883
"C:/Users/Max/Projects/MapProject/RoboGame/RoboGame/Content/UI/LoadGameUX.uasset" 884
"C:/Users/Max/Projects/MapProject/RoboGame/RoboGame/Content/UI/LoadGameUX.uexp" 885
"C:/Users/Max/Projects/MapProject/RoboGame/RoboGame/Content/Maps/menus/ux/MainMenu.uasset" 886
"C:/Users/Max/Projects/MapProject/RoboGame/RoboGame/Content/Maps/menus/ux/MainMenu.uexp" 887
"C:/Users/Max/Projects/MapProject/RoboGame/RoboGame/Content/ThirdPerson/Input/Actions/openPauseMenu.uasset" 888
"C:/Users/Max/Projects/MapProject/RoboGame/RoboGame/Content/ThirdPerson/Input/Actions/openPauseMenu.uexp" 889
"C:/Users/Max/Projects/MapProject/RoboGame/RoboGame/Content/UI/SettingsUX.uasset" 890
"C:/Users/Max/Projects/MapProject/RoboGame/RoboGame/Content/UI/SettingsUX.uexp" 891
"C:/Users/Max/Projects/MapProject/RoboGame/RoboGame/Content/UI/utils/B_save_button.uasset" 892
"C:/Users/Max/Projects/MapProject/RoboGame/RoboGame/Content/UI/utils/B_save_button.uexp" 893
"C:/Users/Max/Projects/MapProject/RoboGame/RoboGame/Content/UI/PauseUX.uasset" 894
"C:/Users/Max/Projects/MapProject/RoboGame/RoboGame/Content/UI/PauseUX.uexp" 895
"C:/Users/Max/Projects/MapProject/RoboGame/RoboGame/Content/ThirdPerson/Input/Actions/IA_Jump.uasset" 896
"C:/Users/Max/Projects/MapProject/RoboGame/RoboGame/Content/ThirdPerson/Input/Actions/IA_Jump.uexp" 897
"C:/Users/Max/Projects/MapProject/RoboGame/RoboGame/Content/Skills/Sword/Sword_Skill_1.uasset" 898
"C:/Users/Max/Projects/MapProject/RoboGame/RoboGame/Content/Skills/Sword/Sword_Skill_1.uexp" 899
"C:/Users/Max/Projects/MapProject/RoboGame/RoboGame/Content/ThirdPerson/Input/Actions/IA_Look.uasset" 900
"C:/Users/Max/Projects/MapProject/RoboGame/RoboGame/Content/ThirdPerson/Input/Actions/IA_Look.uexp" 901
"C:/Users/Max/Projects/MapProject/RoboGame/RoboGame/Content/ThirdPerson/Input/Actions/IA_Move.uasset" 902
"C:/Users/Max/Projects/MapProject/RoboGame/RoboGame/Content/ThirdPerson/Input/Actions/IA_Move.uexp" 903
"C:/Users/Max/Projects/MapProject/RoboGame/RoboGame/Content/ThirdPerson/Input/IMC_Default.uasset" 904
"C:/Users/Max/Projects/MapProject/RoboGame/RoboGame/Content/ThirdPerson/Input/IMC_Default.uexp" 905
"../../../Engine/Content/Animation/DefaultAnimCurveCompressionSettings.uasset" 906
"../../../Engine/Content/Animation/DefaultAnimCurveCompressionSettings.uexp" 907
"../../../Engine/Content/Animation/DefaultAnimBoneCompressionSettings.uasset" 908
"../../../Engine/Content/Animation/DefaultAnimBoneCompressionSettings.uexp" 909
"C:/Users/Max/Projects/MapProject/RoboGame/RoboGame/Content/Characters/Mannequins/Animations/Quinn/MF_Run_Fwd.uasset" 910
"C:/Users/Max/Projects/MapProject/RoboGame/RoboGame/Content/Characters/Mannequins/Animations/Quinn/MF_Run_Fwd.uexp" 911
"C:/Users/Max/Projects/MapProject/RoboGame/RoboGame/Content/Characters/Mannequins/Animations/Quinn/MF_Walk_Fwd.uasset" 912
"C:/Users/Max/Projects/MapProject/RoboGame/RoboGame/Content/Characters/Mannequins/Animations/Quinn/MF_Walk_Fwd.uexp" 913
"../../../Engine/Content/Animation/DefaultRecorderBoneCompression.uasset" 914
"../../../Engine/Content/Animation/DefaultRecorderBoneCompression.uexp" 915
"C:/Users/Max/Projects/MapProject/RoboGame/RoboGame/Content/Characters/Mannequins/Animations/Manny/MM_Walk_InPlace.uasset" 916
"C:/Users/Max/Projects/MapProject/RoboGame/RoboGame/Content/Characters/Mannequins/Animations/Manny/MM_Walk_InPlace.uexp" 917
"C:/Users/Max/Projects/MapProject/RoboGame/RoboGame/Content/Characters/Mannequins/Animations/Quinn/BS_MF_Unarmed_WalkRun.uasset" 918
"C:/Users/Max/Projects/MapProject/RoboGame/RoboGame/Content/Characters/Mannequins/Animations/Quinn/BS_MF_Unarmed_WalkRun.uexp" 919
"C:/Users/Max/Projects/MapProject/RoboGame/RoboGame/Content/Characters/Mannequins/Animations/Quinn/MF_Idle.uasset" 920
"C:/Users/Max/Projects/MapProject/RoboGame/RoboGame/Content/Characters/Mannequins/Animations/Quinn/MF_Idle.uexp" 921
"C:/Users/Max/Projects/MapProject/RoboGame/RoboGame/Content/Characters/Mannequins/Animations/Manny/MM_Fall_Loop.uasset" 922
"C:/Users/Max/Projects/MapProject/RoboGame/RoboGame/Content/Characters/Mannequins/Animations/Manny/MM_Fall_Loop.uexp" 923
"C:/Users/Max/Projects/MapProject/RoboGame/RoboGame/Content/Characters/Mannequins/Animations/Manny/MM_Jump.uasset" 924
"C:/Users/Max/Projects/MapProject/RoboGame/RoboGame/Content/Characters/Mannequins/Animations/Manny/MM_Jump.uexp" 925
"../../../Engine/Plugins/Animation/ControlRig/Content/Controls/DefaultGizmoLibrary.uasset" 926
"../../../Engine/Plugins/Animation/ControlRig/Content/Controls/DefaultGizmoLibrary.uexp" 927
"C:/Users/Max/Projects/MapProject/RoboGame/RoboGame/Content/Characters/Mannequins/Rigs/CR_Mannequin_BasicFootIK.uasset" 928
"C:/Users/Max/Projects/MapProject/RoboGame/RoboGame/Content/Characters/Mannequins/Rigs/CR_Mannequin_BasicFootIK.uexp" 929
"C:/Users/Max/Projects/MapProject/RoboGame/RoboGame/Content/Characters/Mannequins/Animations/Manny/MM_Run_Fwd.uasset" 930
"C:/Users/Max/Projects/MapProject/RoboGame/RoboGame/Content/Characters/Mannequins/Animations/Manny/MM_Run_Fwd.uexp" 931
"C:/Users/Max/Projects/MapProject/RoboGame/RoboGame/Content/Characters/Mannequins/Animations/Manny/MM_Walk_Fwd.uasset" 932
"C:/Users/Max/Projects/MapProject/RoboGame/RoboGame/Content/Characters/Mannequins/Animations/Manny/MM_Walk_Fwd.uexp" 933
"C:/Users/Max/Projects/MapProject/RoboGame/RoboGame/Content/Characters/Mannequins/Animations/Manny/BS_MM_WalkRun.uasset" 934
"C:/Users/Max/Projects/MapProject/RoboGame/RoboGame/Content/Characters/Mannequins/Animations/Manny/BS_MM_WalkRun.uexp" 935
"C:/Users/Max/Projects/MapProject/RoboGame/RoboGame/Content/Characters/Mannequins/Animations/Manny/MM_Land.uasset" 936
"C:/Users/Max/Projects/MapProject/RoboGame/RoboGame/Content/Characters/Mannequins/Animations/Manny/MM_Land.uexp" 937
"C:/Users/Max/Projects/MapProject/RoboGame/RoboGame/Content/Characters/Mannequins/Animations/Manny/MM_Idle.uasset" 938
"C:/Users/Max/Projects/MapProject/RoboGame/RoboGame/Content/Characters/Mannequins/Animations/Manny/MM_Idle.uexp" 939
"C:/Users/Max/Projects/MapProject/RoboGame/RoboGame/Content/Characters/Mannequins/Animations/ABP_Manny.uasset" 940
"C:/Users/Max/Projects/MapProject/RoboGame/RoboGame/Content/Characters/Mannequins/Animations/ABP_Manny.uexp" 941
"C:/Users/Max/Projects/MapProject/RoboGame/RoboGame/Content/Characters/Mannequins/Animations/ABP_Quinn.uasset" 942
"C:/Users/Max/Projects/MapProject/RoboGame/RoboGame/Content/Characters/Mannequins/Animations/ABP_Quinn.uexp" 943
"C:/Users/Max/Projects/MapProject/RoboGame/RoboGame/Content/ThirdPerson/Blueprints/BP_ThirdPersonCharacter.uasset" 944
"C:/Users/Max/Projects/MapProject/RoboGame/RoboGame/Content/ThirdPerson/Blueprints/BP_ThirdPersonCharacter.uexp" 945
"C:/Users/Max/Projects/MapProject/RoboGame/RoboGame/Content/ThirdPerson/Blueprints/BP_ThirdPersonGameMode.uasset" 946
"C:/Users/Max/Projects/MapProject/RoboGame/RoboGame/Content/ThirdPerson/Blueprints/BP_ThirdPersonGameMode.uexp" 947
"../../../Engine/Content/Maps/Entry_BuiltData.uasset" 948
"../../../Engine/Content/Maps/Entry_BuiltData.uexp" 949
"../../../Engine/Content/Maps/Entry.uexp" 950
"../../../Engine/Content/Maps/Entry.umap" 951
"../../../Engine/Content/BasicShapes/Cylinder.ubulk" 952
"../../../Engine/Content/BasicShapes/Cylinder.uasset" 953
"../../../Engine/Content/BasicShapes/Cylinder.uexp" 954
"../../../Engine/Content/BasicShapes/Cone.ubulk" 955
"../../../Engine/Content/BasicShapes/Cone.uasset" 956
"../../../Engine/Content/BasicShapes/Cone.uexp" 957
"C:/Users/Max/Projects/MapProject/RoboGame/RoboGame/Content/FXVarietyPack/EpicContent/Physical_Materials/Metal.uasset" 958
"C:/Users/Max/Projects/MapProject/RoboGame/RoboGame/Content/FXVarietyPack/EpicContent/Physical_Materials/Metal.uexp" 959
"C:/Users/Max/Projects/MapProject/RoboGame/RoboGame/Content/FXVarietyPack/EpicContent/Textures/T_UnrealEngineDecal.uasset" 960
"C:/Users/Max/Projects/MapProject/RoboGame/RoboGame/Content/FXVarietyPack/EpicContent/Textures/T_UnrealEngineDecal.uexp" 961
"C:/Users/Max/Projects/MapProject/RoboGame/RoboGame/Content/FXVarietyPack/EpicContent/Textures/T_Pattern_M.ubulk" 962
"C:/Users/Max/Projects/MapProject/RoboGame/RoboGame/Content/FXVarietyPack/EpicContent/Textures/T_Pattern_M.uasset" 963
"C:/Users/Max/Projects/MapProject/RoboGame/RoboGame/Content/FXVarietyPack/EpicContent/Textures/T_Pattern_M.uexp" 964
"C:/Users/Max/Projects/MapProject/RoboGame/RoboGame/Content/FXVarietyPack/EpicContent/Materials/M_DemoWallPattern.uasset" 965
"C:/Users/Max/Projects/MapProject/RoboGame/RoboGame/Content/FXVarietyPack/EpicContent/Materials/M_DemoWallPattern.uexp" 966
"C:/Users/Max/Projects/MapProject/RoboGame/RoboGame/Content/FXVarietyPack/EpicContent/Materials/MI_DemoWallPattern.uasset" 967
"C:/Users/Max/Projects/MapProject/RoboGame/RoboGame/Content/FXVarietyPack/EpicContent/Materials/MI_DemoWallPattern.uexp" 968
"C:/Users/Max/Projects/MapProject/RoboGame/RoboGame/Content/FXVarietyPack/EpicContent/Materials/M_DemoWallPattern_Inst_Mirrored.uasset" 969
"C:/Users/Max/Projects/MapProject/RoboGame/RoboGame/Content/FXVarietyPack/EpicContent/Materials/M_DemoWallPattern_Inst_Mirrored.uexp" 970
"C:/Users/Max/Projects/MapProject/RoboGame/RoboGame/Content/StarterContent/Textures/T_Metal_Rust_N.ubulk" 971
"C:/Users/Max/Projects/MapProject/RoboGame/RoboGame/Content/StarterContent/Textures/T_Metal_Rust_N.uasset" 972
"C:/Users/Max/Projects/MapProject/RoboGame/RoboGame/Content/StarterContent/Textures/T_Metal_Rust_N.uexp" 973
"C:/Users/Max/Projects/MapProject/RoboGame/RoboGame/Content/StarterContent/Textures/T_Perlin_Noise_M.ubulk" 974
"C:/Users/Max/Projects/MapProject/RoboGame/RoboGame/Content/StarterContent/Textures/T_Perlin_Noise_M.uasset" 975
"C:/Users/Max/Projects/MapProject/RoboGame/RoboGame/Content/StarterContent/Textures/T_Perlin_Noise_M.uexp" 976
"C:/Users/Max/Projects/MapProject/RoboGame/RoboGame/Content/StarterContent/Textures/T_Concrete_Grime_D.ubulk" 977
"C:/Users/Max/Projects/MapProject/RoboGame/RoboGame/Content/StarterContent/Textures/T_Concrete_Grime_D.uasset" 978
"C:/Users/Max/Projects/MapProject/RoboGame/RoboGame/Content/StarterContent/Textures/T_Concrete_Grime_D.uexp" 979
"C:/Users/Max/Projects/MapProject/RoboGame/RoboGame/Content/StarterContent/Textures/T_MacroVariation.uasset" 980
"C:/Users/Max/Projects/MapProject/RoboGame/RoboGame/Content/StarterContent/Textures/T_MacroVariation.uexp" 981
"C:/Users/Max/Projects/MapProject/RoboGame/RoboGame/Content/StarterContent/Materials/M_Concrete_Grime.uasset" 982
"C:/Users/Max/Projects/MapProject/RoboGame/RoboGame/Content/StarterContent/Materials/M_Concrete_Grime.uexp" 983
"C:/Users/Max/Projects/MapProject/RoboGame/RoboGame/Content/Maps/menus/ux/Loading.uasset" 984
"C:/Users/Max/Projects/MapProject/RoboGame/RoboGame/Content/Maps/menus/ux/Loading.uexp" 985
"C:/Users/Max/Projects/MapProject/RoboGame/RoboGame/Content/Maps/Lvls/Level_Start_BuiltData.uasset" 986
"C:/Users/Max/Projects/MapProject/RoboGame/RoboGame/Content/Maps/Lvls/Level_Start_BuiltData.uexp" 987
"C:/Users/Max/Projects/MapProject/RoboGame/RoboGame/Content/StarterContent/Textures/T_Brick_Clay_New_D.ubulk" 988
"C:/Users/Max/Projects/MapProject/RoboGame/RoboGame/Content/StarterContent/Textures/T_Brick_Clay_New_D.uasset" 989
"C:/Users/Max/Projects/MapProject/RoboGame/RoboGame/Content/StarterContent/Textures/T_Brick_Clay_New_D.uexp" 990
"C:/Users/Max/Projects/MapProject/RoboGame/RoboGame/Content/StarterContent/Textures/T_Brick_Clay_New_M.uasset" 991
"C:/Users/Max/Projects/MapProject/RoboGame/RoboGame/Content/StarterContent/Textures/T_Brick_Clay_New_M.uexp" 992
"C:/Users/Max/Projects/MapProject/RoboGame/RoboGame/Content/StarterContent/Textures/T_Detail_Rocky_N.ubulk" 993
"C:/Users/Max/Projects/MapProject/RoboGame/RoboGame/Content/StarterContent/Textures/T_Detail_Rocky_N.uasset" 994
"C:/Users/Max/Projects/MapProject/RoboGame/RoboGame/Content/StarterContent/Textures/T_Detail_Rocky_N.uexp" 995
"C:/Users/Max/Projects/MapProject/RoboGame/RoboGame/Content/StarterContent/Textures/T_Brick_Clay_New_N.uasset" 996
"C:/Users/Max/Projects/MapProject/RoboGame/RoboGame/Content/StarterContent/Textures/T_Brick_Clay_New_N.uexp" 997
"C:/Users/Max/Projects/MapProject/RoboGame/RoboGame/Content/StarterContent/Materials/M_Brick_Clay_New.uasset" 998
"C:/Users/Max/Projects/MapProject/RoboGame/RoboGame/Content/StarterContent/Materials/M_Brick_Clay_New.uexp" 999
"C:/Users/Max/Projects/MapProject/RoboGame/RoboGame/Content/Maps/Lvls/Level_Start.uexp" 1000
"C:/Users/Max/Projects/MapProject/RoboGame/RoboGame/Content/Maps/Lvls/Level_Start.umap" 1001
"C:/Users/Max/Projects/MapProject/RoboGame/RoboGame/Content/Maps/menus/maps/Start_BuiltData.uasset" 1002
"C:/Users/Max/Projects/MapProject/RoboGame/RoboGame/Content/Maps/menus/maps/Start_BuiltData.uexp" 1003
"C:/Users/Max/Projects/MapProject/RoboGame/RoboGame/Content/Maps/menus/maps/Start.uexp" 1004
"C:/Users/Max/Projects/MapProject/RoboGame/RoboGame/Content/Maps/menus/maps/Start.umap" 1005
"C:/Users/Max/Projects/MapProject/RoboGame/RoboGame/Content/Maps/menus/ux/Preview.uasset" 1006
"C:/Users/Max/Projects/MapProject/RoboGame/RoboGame/Content/Maps/menus/ux/Preview.uexp" 1007
"C:/Users/Max/Projects/MapProject/RoboGame/RoboGame/Content/Maps/menus/maps/Preview.uexp" 1008
"C:/Users/Max/Projects/MapProject/RoboGame/RoboGame/Content/Maps/menus/maps/Preview.umap" 1009
"C:/Users/Max/Projects/MapProject/RoboGame/RoboGame/Content/Maps/Lvls/Level_Start_Content/Level_Start_Light.uexp" 1010
"C:/Users/Max/Projects/MapProject/RoboGame/RoboGame/Content/Maps/Lvls/Level_Start_Content/Level_Start_Light.umap" 1011
"C:/Users/Max/Projects/MapProject/RoboGame/RoboGame/Content/StarterContent/Materials/M_Basic_Wall.uasset" 1012
"C:/Users/Max/Projects/MapProject/RoboGame/RoboGame/Content/StarterContent/Materials/M_Basic_Wall.uexp" 1013
"C:/Users/Max/Projects/MapProject/RoboGame/RoboGame/Content/StarterContent/Shapes/Shape_Tube.ubulk" 1014
"C:/Users/Max/Projects/MapProject/RoboGame/RoboGame/Content/StarterContent/Shapes/Shape_Tube.uasset" 1015
"C:/Users/Max/Projects/MapProject/RoboGame/RoboGame/Content/StarterContent/Shapes/Shape_Tube.uexp" 1016
"../../../Engine/Content/BasicShapes/BasicShapeMaterial.uasset" 1017
"../../../Engine/Content/BasicShapes/BasicShapeMaterial.uexp" 1018
"C:/Users/Max/Projects/MapProject/RoboGame/RoboGame/Content/Maps/Lvls/Level_Start_Content/Level_Start_Coliseum.uexp" 1019
"C:/Users/Max/Projects/MapProject/RoboGame/RoboGame/Content/Maps/Lvls/Level_Start_Content/Level_Start_Coliseum.umap" 1020
